------------------------------------------------------------
compiling example.c -> example.dir/example.run.bash
remove include [<assert.h>]
falg func reach_error for deletion
flag external id 0 for deletion
found func def for fun
found func decl for fun
found func def for a
found func def for b
replace funcid main with c2bc_main
found func def for c2bc_main
found func decl for c2bc_main
found func def for argc
found func def for argv
found func def for a
found func def for b
delete external id 0
add stub dependency c2bc_assert_fail (from reach_error)
add stub dependency c2bc_abort (from main)
missing stub for function '__builtin_trap'
'__builtin_trap'

------------------------------------------------------------
compiling example.c -> example.dir/example.run.bash
remove include [<stdlib.h>]
found func decl for __VERIFIER_error
falg func reach_error for deletion
flag external id 1 for deletion
found func def for fun
found func decl for fun
found func def for a
found func def for b
replace funcid main with c2bc_main
found func def for c2bc_main
found func decl for c2bc_main
found func def for argc
found func def for argv
found func def for a
found func def for b
delete external id 1
add stub dependency c2bc_assert_fail (from reach_error)
add stub dependency c2bc_abort (from main)
missing stub for function 'atoi'
'atoi'

------------------------------------------------------------
compiling example.c -> example.dir/example.run.bash
remove include [<stdlib.h>]
found func decl for __VERIFIER_error
falg func reach_error for deletion
flag external id 1 for deletion
found func def for fun
found func decl for fun
found func def for a
found func def for b
replace funcid main with c2bc_main
found func def for c2bc_main
found func decl for c2bc_main
found func def for argc
found func def for argv
found func def for a
found func def for b
delete external id 1
add stub dependency c2bc_abort (from main)
add stub dependency c2bc_assert_fail (from reach_error)
missing stub for function 'atoi'
'atoi'

------------------------------------------------------------
compiling example.c -> example.dir/example.run.bash
found func decl for __VERIFIER_error
found func decl for __VERIFIER_nondet_int
falg func reach_error for deletion
flag external id 2 for deletion
found func def for fun
found func decl for fun
found func def for a
found func def for b
replace funcid main with c2bc_main
found func def for c2bc_main
found func decl for c2bc_main
found func def for a
found func def for b
delete external id 2
add stub dependency c2bc_abort (from main)
add stub dependency c2bc_assert_fail (from reach_error)
add stub dependency c2bc_abort (from __VERIFIER_nondet_int)
add stub dependency c2bc_abort (from main)
add stub dependency c2bc_assert_fail (from reach_error)
missing stub for function '__VERIFIER_error'
'__VERIFIER_error'

------------------------------------------------------------
compiling example.c -> example.dir/example.run.bash
found func decl for __VERIFIER_error
found func decl for __VERIFIER_nondet_int
falg func reach_error for deletion
flag external id 2 for deletion
found func def for fun
found func decl for fun
found func def for a
found func def for b
replace funcid main with c2bc_main
found func def for c2bc_main
found func decl for c2bc_main
found func def for a
found func def for b
delete external id 2
add stub dependency c2bc_abort (from main)
add stub dependency c2bc_assert_fail (from reach_error)
add stub dependency c2bc_abort (from __VERIFIER_nondet_int)
add stub dependency c2bc_abort (from main)
add stub dependency c2bc_assert_fail (from reach_error)
missing stub for function '__VERIFIER_error'
'__VERIFIER_error'

------------------------------------------------------------
compiling example.c -> example.dir/example.run.bash
found func def for __VERIFIER_error
found func decl for __VERIFIER_error
found func def for __VERIFIER_nondet_int
found func decl for __VERIFIER_nondet_int
found func def for x
falg func reach_error for deletion
flag external id 2 for deletion
found func def for fun
found func decl for fun
found func def for a
found func def for b
replace funcid main with c2bc_main
found func def for c2bc_main
found func decl for c2bc_main
found func def for a
found func def for b
delete external id 2
add stub dependency c2bc_abort (from main)
add stub dependency c2bc_assert_fail (from reach_error)
add stub dependency c2bc_abort (from main)
add stub dependency c2bc_assert_fail (from reach_error)
add stub dependency c2bc_abort (from main)
add stub dependency c2bc_assert_fail (from reach_error)
run gcc -O1 -static -m32 -no-pie -fno-pic -fno-stack-protector -Werror -Wno-pointer-compare -Wno-aggressive-loop-optimizations -Wno-vla-larger-than -Wno-overflow -Wno-incompatible-pointer-types -Wno-int-conversion -Wno-format-security -o example.dir/example.bin example.dir/example.stub.raw.c example.dir/example.uc.raw.c -lm
run objdump -D example.dir/example.bin
trying symbol table supplementation
run objdump -t example.dir/example.bin
'align'

------------------------------------------------------------
compiling example.c -> example.dir/example.run.bash
found func def for __VERIFIER_error
found func decl for __VERIFIER_error
found func def for __VERIFIER_nondet_int
found func decl for __VERIFIER_nondet_int
found func def for x
falg func reach_error for deletion
flag external id 2 for deletion
found func def for fun
found func decl for fun
found func def for a
found func def for b
replace funcid main with c2bc_main
found func def for c2bc_main
found func decl for c2bc_main
found func def for a
found func def for b
delete external id 2
add stub dependency c2bc_abort (from main)
add stub dependency c2bc_assert_fail (from reach_error)
add stub dependency c2bc_abort (from main)
add stub dependency c2bc_assert_fail (from reach_error)
add stub dependency c2bc_abort (from main)
add stub dependency c2bc_assert_fail (from reach_error)
run gcc -O1 -static -m32 -no-pie -fno-pic -fno-stack-protector -Werror -Wno-pointer-compare -Wno-aggressive-loop-optimizations -Wno-vla-larger-than -Wno-overflow -Wno-incompatible-pointer-types -Wno-int-conversion -Wno-format-security -o example.dir/example.bin example.dir/example.stub.raw.c example.dir/example.uc.raw.c -lm
run objdump -D example.dir/example.bin
trying symbol table supplementation
run objdump -t example.dir/example.bin
'align'

------------------------------------------------------------
compiling example.c -> example.dir/example.run.bash
found func def for __VERIFIER_error
found func decl for __VERIFIER_error
found func def for __VERIFIER_nondet_int
found func decl for __VERIFIER_nondet_int
found func def for x
falg func reach_error for deletion
flag external id 2 for deletion
found func def for fun
found func decl for fun
found func def for a
found func def for b
replace funcid main with c2bc_main
found func def for c2bc_main
found func decl for c2bc_main
found func def for a
found func def for b
delete external id 2
add stub dependency c2bc_abort (from main)
add stub dependency c2bc_assert_fail (from reach_error)
add stub dependency c2bc_abort (from main)
add stub dependency c2bc_assert_fail (from reach_error)
add stub dependency c2bc_abort (from main)
add stub dependency c2bc_assert_fail (from reach_error)
run gcc -O1 -static -m32 -no-pie -fno-pic -fno-stack-protector -Werror -Wno-pointer-compare -Wno-aggressive-loop-optimizations -Wno-vla-larger-than -Wno-overflow -Wno-incompatible-pointer-types -Wno-int-conversion -Wno-format-security -o example.dir/example.bin example.dir/example.stub.raw.c example.dir/example.uc.raw.c -lm
run objdump -D example.dir/example.bin
trying symbol table supplementation
run objdump -t example.dir/example.bin
'align'

------------------------------------------------------------
compiling example.c -> example.dir/example.run.bash
found func def for __VERIFIER_error
found func decl for __VERIFIER_error
found func def for __VERIFIER_nondet_int
found func decl for __VERIFIER_nondet_int
found func def for x
falg func reach_error for deletion
flag external id 2 for deletion
found func def for fun
found func decl for fun
found func def for a
found func def for b
replace funcid main with c2bc_main
found func def for c2bc_main
found func decl for c2bc_main
found func def for a
found func def for b
delete external id 2
add stub dependency c2bc_assert_fail (from reach_error)
add stub dependency c2bc_abort (from main)
add stub dependency c2bc_assert_fail (from reach_error)
add stub dependency c2bc_abort (from main)
add stub dependency c2bc_assert_fail (from reach_error)
add stub dependency c2bc_abort (from main)
run gcc -O1 -static -m32 -no-pie -fno-pic -fno-stack-protector -Werror -Wno-pointer-compare -Wno-aggressive-loop-optimizations -Wno-vla-larger-than -Wno-overflow -Wno-incompatible-pointer-types -Wno-int-conversion -Wno-format-security -o example.dir/example.bin example.dir/example.stub.raw.c example.dir/example.uc.raw.c -lm
run objdump -D example.dir/example.bin
trying symbol table supplementation
run objdump -t example.dir/example.bin
'size'

------------------------------------------------------------
compiling example.c -> example.dir/example.run.bash
found func def for __VERIFIER_error
found func decl for __VERIFIER_error
found func def for __VERIFIER_nondet_int
found func decl for __VERIFIER_nondet_int
found func def for x
falg func reach_error for deletion
flag external id 2 for deletion
found func def for fun
found func decl for fun
found func def for a
found func def for b
replace funcid main with c2bc_main
found func def for c2bc_main
found func decl for c2bc_main
found func def for a
found func def for b
delete external id 2
add stub dependency c2bc_abort (from main)
add stub dependency c2bc_assert_fail (from reach_error)
add stub dependency c2bc_abort (from main)
add stub dependency c2bc_assert_fail (from reach_error)
add stub dependency c2bc_abort (from main)
add stub dependency c2bc_assert_fail (from reach_error)
run gcc -O1 -static -m32 -no-pie -fno-pic -fno-stack-protector -Werror -Wno-pointer-compare -Wno-aggressive-loop-optimizations -Wno-vla-larger-than -Wno-overflow -Wno-incompatible-pointer-types -Wno-int-conversion -Wno-format-security -o example.dir/example.bin example.dir/example.stub.raw.c example.dir/example.uc.raw.c -lm
run objdump -D example.dir/example.bin
trying symbol table supplementation
run objdump -t example.dir/example.bin
<pulseutils.assembly.x86AsmData object at 0x700216d82420>

------------------------------------------------------------
compiling example.c -> example.dir/example.run.bash
found func def for __VERIFIER_error
found func decl for __VERIFIER_error
found func def for __VERIFIER_nondet_int
found func decl for __VERIFIER_nondet_int
found func def for x
falg func reach_error for deletion
flag external id 2 for deletion
found func def for fun
found func decl for fun
found func def for a
found func def for b
replace funcid main with c2bc_main
found func def for c2bc_main
found func decl for c2bc_main
found func def for a
found func def for b
delete external id 2
add stub dependency c2bc_abort (from main)
add stub dependency c2bc_assert_fail (from reach_error)
add stub dependency c2bc_abort (from main)
add stub dependency c2bc_assert_fail (from reach_error)
add stub dependency c2bc_abort (from main)
add stub dependency c2bc_assert_fail (from reach_error)
run gcc -O1 -static -m32 -no-pie -fno-pic -fno-stack-protector -Werror -Wno-pointer-compare -Wno-aggressive-loop-optimizations -Wno-vla-larger-than -Wno-overflow -Wno-incompatible-pointer-types -Wno-int-conversion -Wno-format-security -o example.dir/example.bin example.dir/example.stub.raw.c example.dir/example.uc.raw.c -lm
run objdump -D example.dir/example.bin
trying symbol table supplementation
run objdump -t example.dir/example.bin
loading svcomp property file example.yml
[Errno 2] No such file or directory: 'example.yml'

------------------------------------------------------------
compiling example.c -> example.dir/example.run.bash
found func def for __VERIFIER_error
found func decl for __VERIFIER_error
found func def for __VERIFIER_nondet_int
found func decl for __VERIFIER_nondet_int
found func def for x
falg func reach_error for deletion
flag external id 2 for deletion
found func def for fun
found func decl for fun
found func def for a
found func def for b
replace funcid main with c2bc_main
found func def for c2bc_main
found func decl for c2bc_main
found func def for a
found func def for b
delete external id 2
add stub dependency c2bc_abort (from main)
add stub dependency c2bc_assert_fail (from reach_error)
add stub dependency c2bc_abort (from main)
add stub dependency c2bc_assert_fail (from reach_error)
add stub dependency c2bc_abort (from main)
add stub dependency c2bc_assert_fail (from reach_error)
run gcc -O1 -static -m32 -no-pie -fno-pic -fno-stack-protector -Werror -Wno-pointer-compare -Wno-aggressive-loop-optimizations -Wno-vla-larger-than -Wno-overflow -Wno-incompatible-pointer-types -Wno-int-conversion -Wno-format-security -o example.dir/example.bin example.dir/example.stub.raw.c example.dir/example.uc.raw.c -lm
run objdump -D example.dir/example.bin
trying symbol table supplementation
run objdump -t example.dir/example.bin
loading svcomp property file example.yml
found target property: reach.prp
no expected result detected in example.yml

------------------------------------------------------------
run example.dir/example.abduce-run.bash
executed in 0.04340767860412598 s
Traceback (most recent call last):
  File "/home/nicol/Documentos/M2-Cyber/RESEARCH/VM/tools-paper/venv/bin/pyabduce", line 10, in <module>
    from pyabduction.binsec import BinsecCheckers, BinsecAutoCandidateGenerator, RobustBinsecCheckers
  File "/home/nicol/Documentos/M2-Cyber/RESEARCH/VM/tools-paper/venv/lib/python3.12/site-packages/pyabduction/binsec.py", line 13, in <module>
    from . import minibinsec
  File "/home/nicol/Documentos/M2-Cyber/RESEARCH/VM/tools-paper/venv/lib/python3.12/site-packages/pyabduction/minibinsec.py", line 6, in <module>
    import cvc5
ModuleNotFoundError: No module named 'cvc5'

(TaskException(...), '[abduce-binsec:run] nzr in 0.04340767860412598 seconds')

------------------------------------------------------------
run example.dir/example.abduce-run.bash
executed in 0.0582730770111084 s
[32m[result] :[0m execution statistics:[0m
[32m[result] :[0m   core counters:[0m
[32m[result] :[0m     number of solutions:          0[0m
[32m[result] :[0m     number of unsolutions:        0[0m
[32m[result] :[0m     number of examples:           0[0m
[32m[result] :[0m     number of counter-examples:   0[0m
[32m[result] :[0m     number of necessary literals: 0[0m
[32m[result] :[0m [0m
[32m[result] :[0m   oracles:[0m
[32m[result] :[0m [0m
[32m[result] :[0m   candidates generation:[0m
[32m[result] :[0m     number of restarts:     0[0m
[32m[result] :[0m     number of variables:    0[0m
[32m[result] :[0m     number of literals:     0[0m
[32m[result] :[0m     evaluated candidates:   0[0m
[32m[result] :[0m     considered candidates:  0[0m
[32m[result] :[0m     pruned candidates:      0[0m
[32m[result] :[0m [0m
[32m[result] :[0m   timers:[0m
[35m[1m[fatal]  :[0m[35m top-level exception recovery[0m
[31m[1m[error]  :[0m[31m Traceback (most recent call last):[0m
[31m[1m[error]  :[0m[31m   File "/home/nicol/Documentos/M2-Cyber/RESEARCH/VM/tools-paper/venv/bin/pyabduce", line 23, in main[0m
[31m[1m[error]  :[0m[31m     checkers = RobustBinsecCheckers(args, stats, logger) if args.binsec_robust else BinsecCheckers(args, stats, logger)[0m
[31m[1m[error]  :[0m[31m                ^^^^^^^^^^^^^^^^^^^^^^^^^^^^^^^^^^^^^^^^^[0m
[31m[1m[error]  :[0m[31m   File "/home/nicol/Documentos/M2-Cyber/RESEARCH/VM/tools-paper/venv/lib/python3.12/site-packages/pyabduction/binsec.py", line 554, in __init__[0m
[31m[1m[error]  :[0m[31m     super().__init__(args, stats, logger)[0m
[31m[1m[error]  :[0m[31m   File "/home/nicol/Documentos/M2-Cyber/RESEARCH/VM/tools-paper/venv/lib/python3.12/site-packages/pyabduction/binsec.py", line 359, in __init__[0m
[31m[1m[error]  :[0m[31m     self.config = self._load_config()[0m
[31m[1m[error]  :[0m[31m                   ^^^^^^^^^^^^^^^^^^^[0m
[31m[1m[error]  :[0m[31m   File "/home/nicol/Documentos/M2-Cyber/RESEARCH/VM/tools-paper/venv/lib/python3.12/site-packages/pyabduction/binsec.py", line 371, in _load_config[0m
[31m[1m[error]  :[0m[31m     config.readfp(stream)[0m
[31m[1m[error]  :[0m[31m     ^^^^^^^^^^^^^[0m
[31m[1m[error]  :[0m[31m AttributeError: 'ConfigParser' object has no attribute 'readfp'. Did you mean: 'read'?[0m

(TaskException(...), '[abduce-binsec:run] nzr+top-level in 0.0582730770111084 seconds')

------------------------------------------------------------
run example.dir/example.abduce-run.bash
executed in 0.06672406196594238 s
[32m[result] :[0m execution statistics:[0m
[32m[result] :[0m   core counters:[0m
[32m[result] :[0m     number of solutions:          0[0m
[32m[result] :[0m     number of unsolutions:        0[0m
[32m[result] :[0m     number of examples:           0[0m
[32m[result] :[0m     number of counter-examples:   0[0m
[32m[result] :[0m     number of necessary literals: 0[0m
[32m[result] :[0m [0m
[32m[result] :[0m   oracles:[0m
[32m[result] :[0m [0m
[32m[result] :[0m   candidates generation:[0m
[32m[result] :[0m     number of restarts:     0[0m
[32m[result] :[0m     number of variables:    0[0m
[32m[result] :[0m     number of literals:     0[0m
[32m[result] :[0m     evaluated candidates:   0[0m
[32m[result] :[0m     considered candidates:  0[0m
[32m[result] :[0m     pruned candidates:      0[0m
[32m[result] :[0m [0m
[32m[result] :[0m   timers:[0m
[35m[1m[fatal]  :[0m[35m top-level exception recovery[0m
[31m[1m[error]  :[0m[31m Traceback (most recent call last):[0m
[31m[1m[error]  :[0m[31m   File "/home/nicol/Documentos/M2-Cyber/RESEARCH/VM/tools-paper/venv/bin/pyabduce", line 23, in main[0m
[31m[1m[error]  :[0m[31m     checkers = RobustBinsecCheckers(args, stats, logger) if args.binsec_robust else BinsecCheckers(args, stats, logger)[0m
[31m[1m[error]  :[0m[31m                ^^^^^^^^^^^^^^^^^^^^^^^^^^^^^^^^^^^^^^^^^[0m
[31m[1m[error]  :[0m[31m   File "/home/nicol/Documentos/M2-Cyber/RESEARCH/VM/tools-paper/venv/lib/python3.12/site-packages/pyabduction/binsec.py", line 557, in __init__[0m
[31m[1m[error]  :[0m[31m     self.robust_config = self._load_robust_config()[0m
[31m[1m[error]  :[0m[31m                          ^^^^^^^^^^^^^^^^^^^^^^^^^^[0m
[31m[1m[error]  :[0m[31m   File "/home/nicol/Documentos/M2-Cyber/RESEARCH/VM/tools-paper/venv/lib/python3.12/site-packages/pyabduction/binsec.py", line 562, in _load_robust_config[0m
[31m[1m[error]  :[0m[31m     config.readfp(stream)[0m
[31m[1m[error]  :[0m[31m     ^^^^^^^^^^^^^[0m
[31m[1m[error]  :[0m[31m AttributeError: 'ConfigParser' object has no attribute 'readfp'. Did you mean: 'read'?[0m

(TaskException(...), '[abduce-binsec:run] nzr+top-level in 0.06672406196594238 seconds')

------------------------------------------------------------
run example.dir/example.abduce-run.bash
executed in 0.06484174728393555 s
[32m[result] :[0m execution statistics:[0m
[32m[result] :[0m   core counters:[0m
[32m[result] :[0m     number of solutions:          0[0m
[32m[result] :[0m     number of unsolutions:        0[0m
[32m[result] :[0m     number of examples:           0[0m
[32m[result] :[0m     number of counter-examples:   0[0m
[32m[result] :[0m     number of necessary literals: 0[0m
[32m[result] :[0m [0m
[32m[result] :[0m   oracles:[0m
[32m[result] :[0m     binsec:[0m
[32m[result] :[0m       * binsec calls:    1[0m
[32m[result] :[0m       * binsec timeouts: 0[0m
[32m[result] :[0m       * binsec crashes:  0[0m
[32m[result] :[0m       * binsec times:    [][0m
[32m[result] :[0m [0m
[32m[result] :[0m   candidates generation:[0m
[32m[result] :[0m     number of restarts:     0[0m
[32m[result] :[0m     number of variables:    0[0m
[32m[result] :[0m     number of literals:     0[0m
[32m[result] :[0m     evaluated candidates:   0[0m
[32m[result] :[0m     considered candidates:  0[0m
[32m[result] :[0m     pruned candidates:      0[0m
[32m[result] :[0m [0m
[32m[result] :[0m   timers:[0m
[32m[result] :[0m     solution:[0m
[32m[result] :[0m       * first solution: 0[0m
[32m[result] :[0m       * last  solution: 0[0m
[32m[result] :[0m     unsolution:[0m
[32m[result] :[0m       * first unsolution: 0[0m
[32m[result] :[0m       * last  unsolution: 0[0m
[32m[result] :[0m     counterex:[0m
[32m[result] :[0m       * first counterex: 0[0m
[32m[result] :[0m       * last  counterex: 0[0m
[32m[result] :[0m     example:[0m
[32m[result] :[0m       * first example: 0[0m
[32m[result] :[0m       * last  example: 0[0m
[32m[result] :[0m     necessaryc:[0m
[32m[result] :[0m       * first necessaryc: 0[0m
[32m[result] :[0m       * last  necessaryc: 0[0m
[35m[1m[fatal]  :[0m[35m top-level exception recovery[0m
[31m[1m[error]  :[0m[31m Traceback (most recent call last):[0m
[31m[1m[error]  :[0m[31m   File "/home/nicol/Documentos/M2-Cyber/RESEARCH/VM/tools-paper/venv/bin/pyabduce", line 28, in main[0m
[31m[1m[error]  :[0m[31m     solver.solve()[0m
[31m[1m[error]  :[0m[31m   File "/home/nicol/Documentos/M2-Cyber/RESEARCH/VM/tools-paper/venv/lib/python3.12/site-packages/pyabduction/solver.py", line 52, in solve[0m
[31m[1m[error]  :[0m[31m     self.get_initital_examples()[0m
[31m[1m[error]  :[0m[31m   File "/home/nicol/Documentos/M2-Cyber/RESEARCH/VM/tools-paper/venv/lib/python3.12/site-packages/pyabduction/solver.py", line 39, in get_initital_examples[0m
[31m[1m[error]  :[0m[31m     vmodel = self.get_vulnerability_model(self.engine.examples)[0m
[31m[1m[error]  :[0m[31m              ^^^^^^^^^^^^^^^^^^^^^^^^^^^^^^^^^^^^^^^^^^^^^^^^^^[0m
[31m[1m[error]  :[0m[31m   File "/home/nicol/Documentos/M2-Cyber/RESEARCH/VM/tools-paper/venv/lib/python3.12/site-packages/pyabduction/solver.py", line 34, in get_vulnerability_model[0m
[31m[1m[error]  :[0m[31m     return self.checkers.check_vulnerability([], vset)[1][0m
[31m[1m[error]  :[0m[31m            ^^^^^^^^^^^^^^^^^^^^^^^^^^^^^^^^^^^^^^^^^^^[0m
[31m[1m[error]  :[0m[31m   File "/home/nicol/Documentos/M2-Cyber/RESEARCH/VM/tools-paper/venv/lib/python3.12/site-packages/pyabduction/binsec.py", line 428, in check_vulnerability[0m
[31m[1m[error]  :[0m[31m     return self._check_dgoal_reachable_util(candidate, reject, complete)[0m
[31m[1m[error]  :[0m[31m            ^^^^^^^^^^^^^^^^^^^^^^^^^^^^^^^^^^^^^^^^^^^^^^^^^^^^^^^^^^^^^[0m
[31m[1m[error]  :[0m[31m   File "/home/nicol/Documentos/M2-Cyber/RESEARCH/VM/tools-paper/venv/lib/python3.12/site-packages/pyabduction/binsec.py", line 436, in _check_dgoal_reachable_util[0m
[31m[1m[error]  :[0m[31m     parser = self._run_binsec_command(candidate, directives)[0m
[31m[1m[error]  :[0m[31m              ^^^^^^^^^^^^^^^^^^^^^^^^^^^^^^^^^^^^^^^^^^^^^^^[0m
[31m[1m[error]  :[0m[31m   File "/home/nicol/Documentos/M2-Cyber/RESEARCH/VM/tools-paper/venv/lib/python3.12/site-packages/pyabduction/binsec.py", line 482, in _run_binsec_command[0m
[31m[1m[error]  :[0m[31m     rc, to, out, err = execute_command(command, self.log, timeout=self.args.binsec_timeout)[0m
[31m[1m[error]  :[0m[31m                        ^^^^^^^^^^^^^^^^^^^^^^^^^^^^^^^^^^^^^^^^^^^^^^^^^^^^^^^^^^^^^^^^^^^^[0m
[31m[1m[error]  :[0m[31m   File "/home/nicol/Documentos/M2-Cyber/RESEARCH/VM/tools-paper/venv/lib/python3.12/site-packages/pyabduction/binsec.py", line 140, in execute_command[0m
[31m[1m[error]  :[0m[31m     proc = Popen(cmd, stdout=PIPE, stderr=STDOUT, stdin=(PIPE if stdin is not None else None))[0m
[31m[1m[error]  :[0m[31m            ^^^^^^^^^^^^^^^^^^^^^^^^^^^^^^^^^^^^^^^^^^^^^^^^^^^^^^^^^^^^^^^^^^^^^^^^^^^^^^^^^^^[0m
[31m[1m[error]  :[0m[31m   File "/usr/lib/python3.12/subprocess.py", line 1026, in __init__[0m
[31m[1m[error]  :[0m[31m     self._execute_child(args, executable, preexec_fn, close_fds,[0m
[31m[1m[error]  :[0m[31m   File "/usr/lib/python3.12/subprocess.py", line 1955, in _execute_child[0m
[31m[1m[error]  :[0m[31m     raise child_exception_type(errno_num, err_msg, err_filename)[0m
[31m[1m[error]  :[0m[31m FileNotFoundError: [Errno 2] No such file or directory: 'binsec'[0m

(TaskException(...), '[abduce-binsec:run] nzr+top-level in 0.06484174728393555 seconds')

------------------------------------------------------------
run example.dir/example.abduce-run.bash
executed in 0.05891847610473633 s
[32m[result] :[0m execution statistics:[0m
[32m[result] :[0m   core counters:[0m
[32m[result] :[0m     number of solutions:          0[0m
[32m[result] :[0m     number of unsolutions:        0[0m
[32m[result] :[0m     number of examples:           0[0m
[32m[result] :[0m     number of counter-examples:   0[0m
[32m[result] :[0m     number of necessary literals: 0[0m
[32m[result] :[0m [0m
[32m[result] :[0m   oracles:[0m
[32m[result] :[0m     binsec:[0m
[32m[result] :[0m       * binsec calls:    1[0m
[32m[result] :[0m       * binsec timeouts: 0[0m
[32m[result] :[0m       * binsec crashes:  0[0m
[32m[result] :[0m       * binsec times:    [][0m
[32m[result] :[0m [0m
[32m[result] :[0m   candidates generation:[0m
[32m[result] :[0m     number of restarts:     0[0m
[32m[result] :[0m     number of variables:    0[0m
[32m[result] :[0m     number of literals:     0[0m
[32m[result] :[0m     evaluated candidates:   0[0m
[32m[result] :[0m     considered candidates:  0[0m
[32m[result] :[0m     pruned candidates:      0[0m
[32m[result] :[0m [0m
[32m[result] :[0m   timers:[0m
[32m[result] :[0m     solution:[0m
[32m[result] :[0m       * first solution: 0[0m
[32m[result] :[0m       * last  solution: 0[0m
[32m[result] :[0m     unsolution:[0m
[32m[result] :[0m       * first unsolution: 0[0m
[32m[result] :[0m       * last  unsolution: 0[0m
[32m[result] :[0m     counterex:[0m
[32m[result] :[0m       * first counterex: 0[0m
[32m[result] :[0m       * last  counterex: 0[0m
[32m[result] :[0m     example:[0m
[32m[result] :[0m       * first example: 0[0m
[32m[result] :[0m       * last  example: 0[0m
[32m[result] :[0m     necessaryc:[0m
[32m[result] :[0m       * first necessaryc: 0[0m
[32m[result] :[0m       * last  necessaryc: 0[0m
[35m[1m[fatal]  :[0m[35m top-level exception recovery[0m
[31m[1m[error]  :[0m[31m Traceback (most recent call last):[0m
[31m[1m[error]  :[0m[31m   File "/home/nicol/Documentos/M2-Cyber/RESEARCH/VM/tools-paper/venv/bin/pyabduce", line 28, in main[0m
[31m[1m[error]  :[0m[31m     solver.solve()[0m
[31m[1m[error]  :[0m[31m   File "/home/nicol/Documentos/M2-Cyber/RESEARCH/VM/tools-paper/venv/lib/python3.12/site-packages/pyabduction/solver.py", line 52, in solve[0m
[31m[1m[error]  :[0m[31m     self.get_initital_examples()[0m
[31m[1m[error]  :[0m[31m   File "/home/nicol/Documentos/M2-Cyber/RESEARCH/VM/tools-paper/venv/lib/python3.12/site-packages/pyabduction/solver.py", line 39, in get_initital_examples[0m
[31m[1m[error]  :[0m[31m     vmodel = self.get_vulnerability_model(self.engine.examples)[0m
[31m[1m[error]  :[0m[31m              ^^^^^^^^^^^^^^^^^^^^^^^^^^^^^^^^^^^^^^^^^^^^^^^^^^[0m
[31m[1m[error]  :[0m[31m   File "/home/nicol/Documentos/M2-Cyber/RESEARCH/VM/tools-paper/venv/lib/python3.12/site-packages/pyabduction/solver.py", line 34, in get_vulnerability_model[0m
[31m[1m[error]  :[0m[31m     return self.checkers.check_vulnerability([], vset)[1][0m
[31m[1m[error]  :[0m[31m            ^^^^^^^^^^^^^^^^^^^^^^^^^^^^^^^^^^^^^^^^^^^[0m
[31m[1m[error]  :[0m[31m   File "/home/nicol/Documentos/M2-Cyber/RESEARCH/VM/tools-paper/venv/lib/python3.12/site-packages/pyabduction/binsec.py", line 428, in check_vulnerability[0m
[31m[1m[error]  :[0m[31m     return self._check_dgoal_reachable_util(candidate, reject, complete)[0m
[31m[1m[error]  :[0m[31m            ^^^^^^^^^^^^^^^^^^^^^^^^^^^^^^^^^^^^^^^^^^^^^^^^^^^^^^^^^^^^^[0m
[31m[1m[error]  :[0m[31m   File "/home/nicol/Documentos/M2-Cyber/RESEARCH/VM/tools-paper/venv/lib/python3.12/site-packages/pyabduction/binsec.py", line 436, in _check_dgoal_reachable_util[0m
[31m[1m[error]  :[0m[31m     parser = self._run_binsec_command(candidate, directives)[0m
[31m[1m[error]  :[0m[31m              ^^^^^^^^^^^^^^^^^^^^^^^^^^^^^^^^^^^^^^^^^^^^^^^[0m
[31m[1m[error]  :[0m[31m   File "/home/nicol/Documentos/M2-Cyber/RESEARCH/VM/tools-paper/venv/lib/python3.12/site-packages/pyabduction/binsec.py", line 482, in _run_binsec_command[0m
[31m[1m[error]  :[0m[31m     rc, to, out, err = execute_command(command, self.log, timeout=self.args.binsec_timeout)[0m
[31m[1m[error]  :[0m[31m                        ^^^^^^^^^^^^^^^^^^^^^^^^^^^^^^^^^^^^^^^^^^^^^^^^^^^^^^^^^^^^^^^^^^^^[0m
[31m[1m[error]  :[0m[31m   File "/home/nicol/Documentos/M2-Cyber/RESEARCH/VM/tools-paper/venv/lib/python3.12/site-packages/pyabduction/binsec.py", line 140, in execute_command[0m
[31m[1m[error]  :[0m[31m     proc = Popen(cmd, stdout=PIPE, stderr=STDOUT, stdin=(PIPE if stdin is not None else None))[0m
[31m[1m[error]  :[0m[31m            ^^^^^^^^^^^^^^^^^^^^^^^^^^^^^^^^^^^^^^^^^^^^^^^^^^^^^^^^^^^^^^^^^^^^^^^^^^^^^^^^^^^[0m
[31m[1m[error]  :[0m[31m   File "/usr/lib/python3.12/subprocess.py", line 1026, in __init__[0m
[31m[1m[error]  :[0m[31m     self._execute_child(args, executable, preexec_fn, close_fds,[0m
[31m[1m[error]  :[0m[31m   File "/usr/lib/python3.12/subprocess.py", line 1955, in _execute_child[0m
[31m[1m[error]  :[0m[31m     raise child_exception_type(errno_num, err_msg, err_filename)[0m
[31m[1m[error]  :[0m[31m FileNotFoundError: [Errno 2] No such file or directory: 'binsec'[0m

(TaskException(...), '[abduce-binsec:run] nzr+top-level in 0.05891847610473633 seconds')

------------------------------------------------------------
run example.dir/example.abduce-run.bash
executed in 0.05755424499511719 s
[33m[1m[warning]:[0m[33m command failed[0m
[33m[1m[warning]:[0m[33m could not recover as many vulnerability models as requested (0 only)[0m
[32m[result] :[0m execution statistics:[0m
[32m[result] :[0m   core counters:[0m
[32m[result] :[0m     number of solutions:          0[0m
[32m[result] :[0m     number of unsolutions:        0[0m
[32m[result] :[0m     number of examples:           0[0m
[32m[result] :[0m     number of counter-examples:   0[0m
[32m[result] :[0m     number of necessary literals: 0[0m
[32m[result] :[0m [0m
[32m[result] :[0m   oracles:[0m
[32m[result] :[0m     binsec:[0m
[32m[result] :[0m       * binsec calls:    1[0m
[32m[result] :[0m       * binsec timeouts: 0[0m
[32m[result] :[0m       * binsec crashes:  1[0m
[32m[result] :[0m       * binsec times:    [][0m
[32m[result] :[0m [0m
[32m[result] :[0m   candidates generation:[0m
[32m[result] :[0m     number of restarts:     0[0m
[32m[result] :[0m     number of variables:    0[0m
[32m[result] :[0m     number of literals:     0[0m
[32m[result] :[0m     evaluated candidates:   0[0m
[32m[result] :[0m     considered candidates:  0[0m
[32m[result] :[0m     pruned candidates:      0[0m
[32m[result] :[0m [0m
[32m[result] :[0m   timers:[0m
[32m[result] :[0m     solution:[0m
[32m[result] :[0m       * first solution: 0[0m
[32m[result] :[0m       * last  solution: 0[0m
[32m[result] :[0m     unsolution:[0m
[32m[result] :[0m       * first unsolution: 0[0m
[32m[result] :[0m       * last  unsolution: 0[0m
[32m[result] :[0m     counterex:[0m
[32m[result] :[0m       * first counterex: 0[0m
[32m[result] :[0m       * last  counterex: 0[0m
[32m[result] :[0m     example:[0m
[32m[result] :[0m       * first example: 0[0m
[32m[result] :[0m       * last  example: 0[0m
[32m[result] :[0m     necessaryc:[0m
[32m[result] :[0m       * first necessaryc: 0[0m
[32m[result] :[0m       * last  necessaryc: 0[0m
[35m[1m[fatal]  :[0m[35m top-level exception recovery[0m
[31m[1m[error]  :[0m[31m Traceback (most recent call last):[0m
[31m[1m[error]  :[0m[31m   File "/home/nicol/Documentos/M2-Cyber/RESEARCH/VM/tools-paper/venv/bin/pyabduce", line 28, in main[0m
[31m[1m[error]  :[0m[31m     solver.solve()[0m
[31m[1m[error]  :[0m[31m   File "/home/nicol/Documentos/M2-Cyber/RESEARCH/VM/tools-paper/venv/lib/python3.12/site-packages/pyabduction/solver.py", line 54, in solve[0m
[31m[1m[error]  :[0m[31m     self.recover_necessary_constants()[0m
[31m[1m[error]  :[0m[31m   File "/home/nicol/Documentos/M2-Cyber/RESEARCH/VM/tools-paper/venv/lib/python3.12/site-packages/pyabduction/solver.py", line 48, in recover_necessary_constants[0m
[31m[1m[error]  :[0m[31m     self.engine.recover_necessary_constants()[0m
[31m[1m[error]  :[0m[31m   File "/home/nicol/Documentos/M2-Cyber/RESEARCH/VM/tools-paper/venv/lib/python3.12/site-packages/pyabduction/engine.py", line 97, in recover_necessary_constants[0m
[31m[1m[error]  :[0m[31m     emodel = self.get_example()[0m
[31m[1m[error]  :[0m[31m              ^^^^^^^^^^^^^^^^^^[0m
[31m[1m[error]  :[0m[31m   File "/home/nicol/Documentos/M2-Cyber/RESEARCH/VM/tools-paper/venv/lib/python3.12/site-packages/pyabduction/engine.py", line 55, in get_example[0m
[31m[1m[error]  :[0m[31m     return self.examples.get_any()[0m
[31m[1m[error]  :[0m[31m            ^^^^^^^^^^^^^^^^^^^^^^^[0m
[31m[1m[error]  :[0m[31m   File "/home/nicol/Documentos/M2-Cyber/RESEARCH/VM/tools-paper/venv/lib/python3.12/site-packages/pyabduction/model.py", line 17, in get_any[0m
[31m[1m[error]  :[0m[31m     return self.models[0][0m
[31m[1m[error]  :[0m[31m            ~~~~~~~~~~~^^^[0m
[31m[1m[error]  :[0m[31m IndexError: list index out of range[0m

(TaskException(...), '[abduce-binsec:run] binsec-failure+nzr+top-level+unreachable in 0.05755424499511719 seconds')

------------------------------------------------------------
run example.dir/example.abduce-run.bash
executed in 0.06078600883483887 s
[32m[result] :[0m execution statistics:[0m
[32m[result] :[0m   core counters:[0m
[32m[result] :[0m     number of solutions:          0[0m
[32m[result] :[0m     number of unsolutions:        0[0m
[32m[result] :[0m     number of examples:           0[0m
[32m[result] :[0m     number of counter-examples:   0[0m
[32m[result] :[0m     number of necessary literals: 0[0m
[32m[result] :[0m [0m
[32m[result] :[0m   oracles:[0m
[32m[result] :[0m     binsec:[0m
[32m[result] :[0m       * binsec calls:    1[0m
[32m[result] :[0m       * binsec timeouts: 0[0m
[32m[result] :[0m       * binsec crashes:  0[0m
[32m[result] :[0m       * binsec times:    [][0m
[32m[result] :[0m [0m
[32m[result] :[0m   candidates generation:[0m
[32m[result] :[0m     number of restarts:     0[0m
[32m[result] :[0m     number of variables:    0[0m
[32m[result] :[0m     number of literals:     0[0m
[32m[result] :[0m     evaluated candidates:   0[0m
[32m[result] :[0m     considered candidates:  0[0m
[32m[result] :[0m     pruned candidates:      0[0m
[32m[result] :[0m [0m
[32m[result] :[0m   timers:[0m
[32m[result] :[0m     solution:[0m
[32m[result] :[0m       * first solution: 0[0m
[32m[result] :[0m       * last  solution: 0[0m
[32m[result] :[0m     unsolution:[0m
[32m[result] :[0m       * first unsolution: 0[0m
[32m[result] :[0m       * last  unsolution: 0[0m
[32m[result] :[0m     counterex:[0m
[32m[result] :[0m       * first counterex: 0[0m
[32m[result] :[0m       * last  counterex: 0[0m
[32m[result] :[0m     example:[0m
[32m[result] :[0m       * first example: 0[0m
[32m[result] :[0m       * last  example: 0[0m
[32m[result] :[0m     necessaryc:[0m
[32m[result] :[0m       * first necessaryc: 0[0m
[32m[result] :[0m       * last  necessaryc: 0[0m
[35m[1m[fatal]  :[0m[35m top-level exception recovery[0m
[31m[1m[error]  :[0m[31m Traceback (most recent call last):[0m
[31m[1m[error]  :[0m[31m   File "/home/nicol/Documentos/M2-Cyber/RESEARCH/VM/tools-paper/venv/bin/pyabduce", line 28, in main[0m
[31m[1m[error]  :[0m[31m     solver.solve()[0m
[31m[1m[error]  :[0m[31m   File "/home/nicol/Documentos/M2-Cyber/RESEARCH/VM/tools-paper/venv/lib/python3.12/site-packages/pyabduction/solver.py", line 52, in solve[0m
[31m[1m[error]  :[0m[31m     self.get_initital_examples()[0m
[31m[1m[error]  :[0m[31m   File "/home/nicol/Documentos/M2-Cyber/RESEARCH/VM/tools-paper/venv/lib/python3.12/site-packages/pyabduction/solver.py", line 39, in get_initital_examples[0m
[31m[1m[error]  :[0m[31m     vmodel = self.get_vulnerability_model(self.engine.examples)[0m
[31m[1m[error]  :[0m[31m              ^^^^^^^^^^^^^^^^^^^^^^^^^^^^^^^^^^^^^^^^^^^^^^^^^^[0m
[31m[1m[error]  :[0m[31m   File "/home/nicol/Documentos/M2-Cyber/RESEARCH/VM/tools-paper/venv/lib/python3.12/site-packages/pyabduction/solver.py", line 34, in get_vulnerability_model[0m
[31m[1m[error]  :[0m[31m     return self.checkers.check_vulnerability([], vset)[1][0m
[31m[1m[error]  :[0m[31m            ^^^^^^^^^^^^^^^^^^^^^^^^^^^^^^^^^^^^^^^^^^^[0m
[31m[1m[error]  :[0m[31m   File "/home/nicol/Documentos/M2-Cyber/RESEARCH/VM/tools-paper/venv/lib/python3.12/site-packages/pyabduction/binsec.py", line 428, in check_vulnerability[0m
[31m[1m[error]  :[0m[31m     return self._check_dgoal_reachable_util(candidate, reject, complete)[0m
[31m[1m[error]  :[0m[31m            ^^^^^^^^^^^^^^^^^^^^^^^^^^^^^^^^^^^^^^^^^^^^^^^^^^^^^^^^^^^^^[0m
[31m[1m[error]  :[0m[31m   File "/home/nicol/Documentos/M2-Cyber/RESEARCH/VM/tools-paper/venv/lib/python3.12/site-packages/pyabduction/binsec.py", line 436, in _check_dgoal_reachable_util[0m
[31m[1m[error]  :[0m[31m     parser = self._run_binsec_command(candidate, directives)[0m
[31m[1m[error]  :[0m[31m              ^^^^^^^^^^^^^^^^^^^^^^^^^^^^^^^^^^^^^^^^^^^^^^^[0m
[31m[1m[error]  :[0m[31m   File "/home/nicol/Documentos/M2-Cyber/RESEARCH/VM/tools-paper/venv/lib/python3.12/site-packages/pyabduction/binsec.py", line 482, in _run_binsec_command[0m
[31m[1m[error]  :[0m[31m     rc, to, out, err = execute_command(command, self.log, timeout=self.args.binsec_timeout)[0m
[31m[1m[error]  :[0m[31m                        ^^^^^^^^^^^^^^^^^^^^^^^^^^^^^^^^^^^^^^^^^^^^^^^^^^^^^^^^^^^^^^^^^^^^[0m
[31m[1m[error]  :[0m[31m   File "/home/nicol/Documentos/M2-Cyber/RESEARCH/VM/tools-paper/venv/lib/python3.12/site-packages/pyabduction/binsec.py", line 140, in execute_command[0m
[31m[1m[error]  :[0m[31m     proc = Popen(cmd, stdout=PIPE, stderr=STDOUT, stdin=(PIPE if stdin is not None else None))[0m
[31m[1m[error]  :[0m[31m            ^^^^^^^^^^^^^^^^^^^^^^^^^^^^^^^^^^^^^^^^^^^^^^^^^^^^^^^^^^^^^^^^^^^^^^^^^^^^^^^^^^^[0m
[31m[1m[error]  :[0m[31m   File "/usr/lib/python3.12/subprocess.py", line 1026, in __init__[0m
[31m[1m[error]  :[0m[31m     self._execute_child(args, executable, preexec_fn, close_fds,[0m
[31m[1m[error]  :[0m[31m   File "/usr/lib/python3.12/subprocess.py", line 1955, in _execute_child[0m
[31m[1m[error]  :[0m[31m     raise child_exception_type(errno_num, err_msg, err_filename)[0m
[31m[1m[error]  :[0m[31m FileNotFoundError: [Errno 2] No such file or directory: 'binsec'[0m

(TaskException(...), '[abduce-binsec:run] nzr+top-level in 0.06078600883483887 seconds')

------------------------------------------------------------
run example.dir/example.abduce-run.bash
executed in 0.05981016159057617 s
[33m[1m[warning]:[0m[33m command failed[0m
[33m[1m[warning]:[0m[33m could not recover as many vulnerability models as requested (0 only)[0m
[32m[result] :[0m execution statistics:[0m
[32m[result] :[0m   core counters:[0m
[32m[result] :[0m     number of solutions:          0[0m
[32m[result] :[0m     number of unsolutions:        0[0m
[32m[result] :[0m     number of examples:           0[0m
[32m[result] :[0m     number of counter-examples:   0[0m
[32m[result] :[0m     number of necessary literals: 0[0m
[32m[result] :[0m [0m
[32m[result] :[0m   oracles:[0m
[32m[result] :[0m     binsec:[0m
[32m[result] :[0m       * binsec calls:    1[0m
[32m[result] :[0m       * binsec timeouts: 0[0m
[32m[result] :[0m       * binsec crashes:  1[0m
[32m[result] :[0m       * binsec times:    [][0m
[32m[result] :[0m [0m
[32m[result] :[0m   candidates generation:[0m
[32m[result] :[0m     number of restarts:     0[0m
[32m[result] :[0m     number of variables:    0[0m
[32m[result] :[0m     number of literals:     0[0m
[32m[result] :[0m     evaluated candidates:   0[0m
[32m[result] :[0m     considered candidates:  0[0m
[32m[result] :[0m     pruned candidates:      0[0m
[32m[result] :[0m [0m
[32m[result] :[0m   timers:[0m
[32m[result] :[0m     solution:[0m
[32m[result] :[0m       * first solution: 0[0m
[32m[result] :[0m       * last  solution: 0[0m
[32m[result] :[0m     unsolution:[0m
[32m[result] :[0m       * first unsolution: 0[0m
[32m[result] :[0m       * last  unsolution: 0[0m
[32m[result] :[0m     counterex:[0m
[32m[result] :[0m       * first counterex: 0[0m
[32m[result] :[0m       * last  counterex: 0[0m
[32m[result] :[0m     example:[0m
[32m[result] :[0m       * first example: 0[0m
[32m[result] :[0m       * last  example: 0[0m
[32m[result] :[0m     necessaryc:[0m
[32m[result] :[0m       * first necessaryc: 0[0m
[32m[result] :[0m       * last  necessaryc: 0[0m
[35m[1m[fatal]  :[0m[35m top-level exception recovery[0m
[31m[1m[error]  :[0m[31m Traceback (most recent call last):[0m
[31m[1m[error]  :[0m[31m   File "/home/nicol/Documentos/M2-Cyber/RESEARCH/VM/tools-paper/venv/bin/pyabduce", line 28, in main[0m
[31m[1m[error]  :[0m[31m     solver.solve()[0m
[31m[1m[error]  :[0m[31m   File "/home/nicol/Documentos/M2-Cyber/RESEARCH/VM/tools-paper/venv/lib/python3.12/site-packages/pyabduction/solver.py", line 54, in solve[0m
[31m[1m[error]  :[0m[31m     self.recover_necessary_constants()[0m
[31m[1m[error]  :[0m[31m   File "/home/nicol/Documentos/M2-Cyber/RESEARCH/VM/tools-paper/venv/lib/python3.12/site-packages/pyabduction/solver.py", line 48, in recover_necessary_constants[0m
[31m[1m[error]  :[0m[31m     self.engine.recover_necessary_constants()[0m
[31m[1m[error]  :[0m[31m   File "/home/nicol/Documentos/M2-Cyber/RESEARCH/VM/tools-paper/venv/lib/python3.12/site-packages/pyabduction/engine.py", line 97, in recover_necessary_constants[0m
[31m[1m[error]  :[0m[31m     emodel = self.get_example()[0m
[31m[1m[error]  :[0m[31m              ^^^^^^^^^^^^^^^^^^[0m
[31m[1m[error]  :[0m[31m   File "/home/nicol/Documentos/M2-Cyber/RESEARCH/VM/tools-paper/venv/lib/python3.12/site-packages/pyabduction/engine.py", line 55, in get_example[0m
[31m[1m[error]  :[0m[31m     return self.examples.get_any()[0m
[31m[1m[error]  :[0m[31m            ^^^^^^^^^^^^^^^^^^^^^^^[0m
[31m[1m[error]  :[0m[31m   File "/home/nicol/Documentos/M2-Cyber/RESEARCH/VM/tools-paper/venv/lib/python3.12/site-packages/pyabduction/model.py", line 17, in get_any[0m
[31m[1m[error]  :[0m[31m     return self.models[0][0m
[31m[1m[error]  :[0m[31m            ~~~~~~~~~~~^^^[0m
[31m[1m[error]  :[0m[31m IndexError: list index out of range[0m

(TaskException(...), '[abduce-binsec:run] binsec-failure+nzr+top-level+unreachable in 0.05981016159057617 seconds')

------------------------------------------------------------
run example.dir/example.abduce-run.bash
executed in 0.0610504150390625 s
[33m[1m[warning]:[0m[33m command failed[0m
[33m[1m[warning]:[0m[33m could not recover as many vulnerability models as requested (0 only)[0m
[32m[result] :[0m execution statistics:[0m
[32m[result] :[0m   core counters:[0m
[32m[result] :[0m     number of solutions:          0[0m
[32m[result] :[0m     number of unsolutions:        0[0m
[32m[result] :[0m     number of examples:           0[0m
[32m[result] :[0m     number of counter-examples:   0[0m
[32m[result] :[0m     number of necessary literals: 0[0m
[32m[result] :[0m [0m
[32m[result] :[0m   oracles:[0m
[32m[result] :[0m     binsec:[0m
[32m[result] :[0m       * binsec calls:    1[0m
[32m[result] :[0m       * binsec timeouts: 0[0m
[32m[result] :[0m       * binsec crashes:  1[0m
[32m[result] :[0m       * binsec times:    [][0m
[32m[result] :[0m [0m
[32m[result] :[0m   candidates generation:[0m
[32m[result] :[0m     number of restarts:     0[0m
[32m[result] :[0m     number of variables:    0[0m
[32m[result] :[0m     number of literals:     0[0m
[32m[result] :[0m     evaluated candidates:   0[0m
[32m[result] :[0m     considered candidates:  0[0m
[32m[result] :[0m     pruned candidates:      0[0m
[32m[result] :[0m [0m
[32m[result] :[0m   timers:[0m
[32m[result] :[0m     solution:[0m
[32m[result] :[0m       * first solution: 0[0m
[32m[result] :[0m       * last  solution: 0[0m
[32m[result] :[0m     unsolution:[0m
[32m[result] :[0m       * first unsolution: 0[0m
[32m[result] :[0m       * last  unsolution: 0[0m
[32m[result] :[0m     counterex:[0m
[32m[result] :[0m       * first counterex: 0[0m
[32m[result] :[0m       * last  counterex: 0[0m
[32m[result] :[0m     example:[0m
[32m[result] :[0m       * first example: 0[0m
[32m[result] :[0m       * last  example: 0[0m
[32m[result] :[0m     necessaryc:[0m
[32m[result] :[0m       * first necessaryc: 0[0m
[32m[result] :[0m       * last  necessaryc: 0[0m
[35m[1m[fatal]  :[0m[35m top-level exception recovery[0m
[31m[1m[error]  :[0m[31m Traceback (most recent call last):[0m
[31m[1m[error]  :[0m[31m   File "/home/nicol/Documentos/M2-Cyber/RESEARCH/VM/tools-paper/venv/bin/pyabduce", line 28, in main[0m
[31m[1m[error]  :[0m[31m     solver.solve()[0m
[31m[1m[error]  :[0m[31m   File "/home/nicol/Documentos/M2-Cyber/RESEARCH/VM/tools-paper/venv/lib/python3.12/site-packages/pyabduction/solver.py", line 54, in solve[0m
[31m[1m[error]  :[0m[31m     self.recover_necessary_constants()[0m
[31m[1m[error]  :[0m[31m   File "/home/nicol/Documentos/M2-Cyber/RESEARCH/VM/tools-paper/venv/lib/python3.12/site-packages/pyabduction/solver.py", line 48, in recover_necessary_constants[0m
[31m[1m[error]  :[0m[31m     self.engine.recover_necessary_constants()[0m
[31m[1m[error]  :[0m[31m   File "/home/nicol/Documentos/M2-Cyber/RESEARCH/VM/tools-paper/venv/lib/python3.12/site-packages/pyabduction/engine.py", line 97, in recover_necessary_constants[0m
[31m[1m[error]  :[0m[31m     emodel = self.get_example()[0m
[31m[1m[error]  :[0m[31m              ^^^^^^^^^^^^^^^^^^[0m
[31m[1m[error]  :[0m[31m   File "/home/nicol/Documentos/M2-Cyber/RESEARCH/VM/tools-paper/venv/lib/python3.12/site-packages/pyabduction/engine.py", line 55, in get_example[0m
[31m[1m[error]  :[0m[31m     return self.examples.get_any()[0m
[31m[1m[error]  :[0m[31m            ^^^^^^^^^^^^^^^^^^^^^^^[0m
[31m[1m[error]  :[0m[31m   File "/home/nicol/Documentos/M2-Cyber/RESEARCH/VM/tools-paper/venv/lib/python3.12/site-packages/pyabduction/model.py", line 17, in get_any[0m
[31m[1m[error]  :[0m[31m     return self.models[0][0m
[31m[1m[error]  :[0m[31m            ~~~~~~~~~~~^^^[0m
[31m[1m[error]  :[0m[31m IndexError: list index out of range[0m

(TaskException(...), '[abduce-binsec:run] binsec-failure+nzr+top-level+unreachable in 0.0610504150390625 seconds')

------------------------------------------------------------
run example.dir/example.abduce-run.bash
executed in 0.07090473175048828 s
[32m[result] :[0m execution statistics:[0m
[32m[result] :[0m   core counters:[0m
[32m[result] :[0m     number of solutions:          0[0m
[32m[result] :[0m     number of unsolutions:        0[0m
[32m[result] :[0m     number of examples:           0[0m
[32m[result] :[0m     number of counter-examples:   0[0m
[32m[result] :[0m     number of necessary literals: 0[0m
[32m[result] :[0m [0m
[32m[result] :[0m   oracles:[0m
[32m[result] :[0m     binsec:[0m
[32m[result] :[0m       * binsec calls:    1[0m
[32m[result] :[0m       * binsec timeouts: 0[0m
[32m[result] :[0m       * binsec crashes:  0[0m
[32m[result] :[0m       * binsec times:    [][0m
[32m[result] :[0m [0m
[32m[result] :[0m   candidates generation:[0m
[32m[result] :[0m     number of restarts:     0[0m
[32m[result] :[0m     number of variables:    0[0m
[32m[result] :[0m     number of literals:     0[0m
[32m[result] :[0m     evaluated candidates:   0[0m
[32m[result] :[0m     considered candidates:  0[0m
[32m[result] :[0m     pruned candidates:      0[0m
[32m[result] :[0m [0m
[32m[result] :[0m   timers:[0m
[32m[result] :[0m     solution:[0m
[32m[result] :[0m       * first solution: 0[0m
[32m[result] :[0m       * last  solution: 0[0m
[32m[result] :[0m     unsolution:[0m
[32m[result] :[0m       * first unsolution: 0[0m
[32m[result] :[0m       * last  unsolution: 0[0m
[32m[result] :[0m     counterex:[0m
[32m[result] :[0m       * first counterex: 0[0m
[32m[result] :[0m       * last  counterex: 0[0m
[32m[result] :[0m     example:[0m
[32m[result] :[0m       * first example: 0[0m
[32m[result] :[0m       * last  example: 0[0m
[32m[result] :[0m     necessaryc:[0m
[32m[result] :[0m       * first necessaryc: 0[0m
[32m[result] :[0m       * last  necessaryc: 0[0m
[35m[1m[fatal]  :[0m[35m top-level exception recovery[0m
[31m[1m[error]  :[0m[31m Traceback (most recent call last):[0m
[31m[1m[error]  :[0m[31m   File "/home/nicol/Documentos/M2-Cyber/RESEARCH/VM/tools-paper/venv/bin/pyabduce", line 28, in main[0m
[31m[1m[error]  :[0m[31m     solver.solve()[0m
[31m[1m[error]  :[0m[31m   File "/home/nicol/Documentos/M2-Cyber/RESEARCH/VM/tools-paper/venv/lib/python3.12/site-packages/pyabduction/solver.py", line 52, in solve[0m
[31m[1m[error]  :[0m[31m     self.get_initital_examples()[0m
[31m[1m[error]  :[0m[31m   File "/home/nicol/Documentos/M2-Cyber/RESEARCH/VM/tools-paper/venv/lib/python3.12/site-packages/pyabduction/solver.py", line 39, in get_initital_examples[0m
[31m[1m[error]  :[0m[31m     vmodel = self.get_vulnerability_model(self.engine.examples)[0m
[31m[1m[error]  :[0m[31m              ^^^^^^^^^^^^^^^^^^^^^^^^^^^^^^^^^^^^^^^^^^^^^^^^^^[0m
[31m[1m[error]  :[0m[31m   File "/home/nicol/Documentos/M2-Cyber/RESEARCH/VM/tools-paper/venv/lib/python3.12/site-packages/pyabduction/solver.py", line 34, in get_vulnerability_model[0m
[31m[1m[error]  :[0m[31m     return self.checkers.check_vulnerability([], vset)[1][0m
[31m[1m[error]  :[0m[31m            ^^^^^^^^^^^^^^^^^^^^^^^^^^^^^^^^^^^^^^^^^^^[0m
[31m[1m[error]  :[0m[31m   File "/home/nicol/Documentos/M2-Cyber/RESEARCH/VM/tools-paper/venv/lib/python3.12/site-packages/pyabduction/binsec.py", line 428, in check_vulnerability[0m
[31m[1m[error]  :[0m[31m     return self._check_dgoal_reachable_util(candidate, reject, complete)[0m
[31m[1m[error]  :[0m[31m            ^^^^^^^^^^^^^^^^^^^^^^^^^^^^^^^^^^^^^^^^^^^^^^^^^^^^^^^^^^^^^[0m
[31m[1m[error]  :[0m[31m   File "/home/nicol/Documentos/M2-Cyber/RESEARCH/VM/tools-paper/venv/lib/python3.12/site-packages/pyabduction/binsec.py", line 436, in _check_dgoal_reachable_util[0m
[31m[1m[error]  :[0m[31m     parser = self._run_binsec_command(candidate, directives)[0m
[31m[1m[error]  :[0m[31m              ^^^^^^^^^^^^^^^^^^^^^^^^^^^^^^^^^^^^^^^^^^^^^^^[0m
[31m[1m[error]  :[0m[31m   File "/home/nicol/Documentos/M2-Cyber/RESEARCH/VM/tools-paper/venv/lib/python3.12/site-packages/pyabduction/binsec.py", line 482, in _run_binsec_command[0m
[31m[1m[error]  :[0m[31m     rc, to, out, err = execute_command(command, self.log, timeout=self.args.binsec_timeout)[0m
[31m[1m[error]  :[0m[31m                        ^^^^^^^^^^^^^^^^^^^^^^^^^^^^^^^^^^^^^^^^^^^^^^^^^^^^^^^^^^^^^^^^^^^^[0m
[31m[1m[error]  :[0m[31m   File "/home/nicol/Documentos/M2-Cyber/RESEARCH/VM/tools-paper/venv/lib/python3.12/site-packages/pyabduction/binsec.py", line 140, in execute_command[0m
[31m[1m[error]  :[0m[31m     proc = Popen(cmd, stdout=PIPE, stderr=STDOUT, stdin=(PIPE if stdin is not None else None))[0m
[31m[1m[error]  :[0m[31m            ^^^^^^^^^^^^^^^^^^^^^^^^^^^^^^^^^^^^^^^^^^^^^^^^^^^^^^^^^^^^^^^^^^^^^^^^^^^^^^^^^^^[0m
[31m[1m[error]  :[0m[31m   File "/usr/lib/python3.12/subprocess.py", line 1026, in __init__[0m
[31m[1m[error]  :[0m[31m     self._execute_child(args, executable, preexec_fn, close_fds,[0m
[31m[1m[error]  :[0m[31m   File "/usr/lib/python3.12/subprocess.py", line 1955, in _execute_child[0m
[31m[1m[error]  :[0m[31m     raise child_exception_type(errno_num, err_msg, err_filename)[0m
[31m[1m[error]  :[0m[31m FileNotFoundError: [Errno 2] No such file or directory: 'binsec'[0m

(TaskException(...), '[abduce-binsec:run] nzr+top-level in 0.07090473175048828 seconds')

------------------------------------------------------------
run example.dir/example.abduce-run.bash
executed in 0.056976318359375 s
[32m[result] :[0m execution statistics:[0m
[32m[result] :[0m   core counters:[0m
[32m[result] :[0m     number of solutions:          0[0m
[32m[result] :[0m     number of unsolutions:        0[0m
[32m[result] :[0m     number of examples:           0[0m
[32m[result] :[0m     number of counter-examples:   0[0m
[32m[result] :[0m     number of necessary literals: 0[0m
[32m[result] :[0m [0m
[32m[result] :[0m   oracles:[0m
[32m[result] :[0m     binsec:[0m
[32m[result] :[0m       * binsec calls:    1[0m
[32m[result] :[0m       * binsec timeouts: 0[0m
[32m[result] :[0m       * binsec crashes:  0[0m
[32m[result] :[0m       * binsec times:    [][0m
[32m[result] :[0m [0m
[32m[result] :[0m   candidates generation:[0m
[32m[result] :[0m     number of restarts:     0[0m
[32m[result] :[0m     number of variables:    0[0m
[32m[result] :[0m     number of literals:     0[0m
[32m[result] :[0m     evaluated candidates:   0[0m
[32m[result] :[0m     considered candidates:  0[0m
[32m[result] :[0m     pruned candidates:      0[0m
[32m[result] :[0m [0m
[32m[result] :[0m   timers:[0m
[32m[result] :[0m     solution:[0m
[32m[result] :[0m       * first solution: 0[0m
[32m[result] :[0m       * last  solution: 0[0m
[32m[result] :[0m     unsolution:[0m
[32m[result] :[0m       * first unsolution: 0[0m
[32m[result] :[0m       * last  unsolution: 0[0m
[32m[result] :[0m     counterex:[0m
[32m[result] :[0m       * first counterex: 0[0m
[32m[result] :[0m       * last  counterex: 0[0m
[32m[result] :[0m     example:[0m
[32m[result] :[0m       * first example: 0[0m
[32m[result] :[0m       * last  example: 0[0m
[32m[result] :[0m     necessaryc:[0m
[32m[result] :[0m       * first necessaryc: 0[0m
[32m[result] :[0m       * last  necessaryc: 0[0m
[35m[1m[fatal]  :[0m[35m top-level exception recovery[0m
[31m[1m[error]  :[0m[31m Traceback (most recent call last):[0m
[31m[1m[error]  :[0m[31m   File "/home/nicol/Documentos/M2-Cyber/RESEARCH/VM/tools-paper/venv/bin/pyabduce", line 28, in main[0m
[31m[1m[error]  :[0m[31m     solver.solve()[0m
[31m[1m[error]  :[0m[31m   File "/home/nicol/Documentos/M2-Cyber/RESEARCH/VM/tools-paper/venv/lib/python3.12/site-packages/pyabduction/solver.py", line 52, in solve[0m
[31m[1m[error]  :[0m[31m     self.get_initital_examples()[0m
[31m[1m[error]  :[0m[31m   File "/home/nicol/Documentos/M2-Cyber/RESEARCH/VM/tools-paper/venv/lib/python3.12/site-packages/pyabduction/solver.py", line 39, in get_initital_examples[0m
[31m[1m[error]  :[0m[31m     vmodel = self.get_vulnerability_model(self.engine.examples)[0m
[31m[1m[error]  :[0m[31m              ^^^^^^^^^^^^^^^^^^^^^^^^^^^^^^^^^^^^^^^^^^^^^^^^^^[0m
[31m[1m[error]  :[0m[31m   File "/home/nicol/Documentos/M2-Cyber/RESEARCH/VM/tools-paper/venv/lib/python3.12/site-packages/pyabduction/solver.py", line 34, in get_vulnerability_model[0m
[31m[1m[error]  :[0m[31m     return self.checkers.check_vulnerability([], vset)[1][0m
[31m[1m[error]  :[0m[31m            ^^^^^^^^^^^^^^^^^^^^^^^^^^^^^^^^^^^^^^^^^^^[0m
[31m[1m[error]  :[0m[31m   File "/home/nicol/Documentos/M2-Cyber/RESEARCH/VM/tools-paper/venv/lib/python3.12/site-packages/pyabduction/binsec.py", line 428, in check_vulnerability[0m
[31m[1m[error]  :[0m[31m     return self._check_dgoal_reachable_util(candidate, reject, complete)[0m
[31m[1m[error]  :[0m[31m            ^^^^^^^^^^^^^^^^^^^^^^^^^^^^^^^^^^^^^^^^^^^^^^^^^^^^^^^^^^^^^[0m
[31m[1m[error]  :[0m[31m   File "/home/nicol/Documentos/M2-Cyber/RESEARCH/VM/tools-paper/venv/lib/python3.12/site-packages/pyabduction/binsec.py", line 436, in _check_dgoal_reachable_util[0m
[31m[1m[error]  :[0m[31m     parser = self._run_binsec_command(candidate, directives)[0m
[31m[1m[error]  :[0m[31m              ^^^^^^^^^^^^^^^^^^^^^^^^^^^^^^^^^^^^^^^^^^^^^^^[0m
[31m[1m[error]  :[0m[31m   File "/home/nicol/Documentos/M2-Cyber/RESEARCH/VM/tools-paper/venv/lib/python3.12/site-packages/pyabduction/binsec.py", line 482, in _run_binsec_command[0m
[31m[1m[error]  :[0m[31m     rc, to, out, err = execute_command(command, self.log, timeout=self.args.binsec_timeout)[0m
[31m[1m[error]  :[0m[31m                        ^^^^^^^^^^^^^^^^^^^^^^^^^^^^^^^^^^^^^^^^^^^^^^^^^^^^^^^^^^^^^^^^^^^^[0m
[31m[1m[error]  :[0m[31m   File "/home/nicol/Documentos/M2-Cyber/RESEARCH/VM/tools-paper/venv/lib/python3.12/site-packages/pyabduction/binsec.py", line 140, in execute_command[0m
[31m[1m[error]  :[0m[31m     proc = Popen(cmd, stdout=PIPE, stderr=STDOUT, stdin=(PIPE if stdin is not None else None))[0m
[31m[1m[error]  :[0m[31m            ^^^^^^^^^^^^^^^^^^^^^^^^^^^^^^^^^^^^^^^^^^^^^^^^^^^^^^^^^^^^^^^^^^^^^^^^^^^^^^^^^^^[0m
[31m[1m[error]  :[0m[31m   File "/usr/lib/python3.12/subprocess.py", line 1026, in __init__[0m
[31m[1m[error]  :[0m[31m     self._execute_child(args, executable, preexec_fn, close_fds,[0m
[31m[1m[error]  :[0m[31m   File "/usr/lib/python3.12/subprocess.py", line 1955, in _execute_child[0m
[31m[1m[error]  :[0m[31m     raise child_exception_type(errno_num, err_msg, err_filename)[0m
[31m[1m[error]  :[0m[31m FileNotFoundError: [Errno 2] No such file or directory: 'binsec'[0m

(TaskException(...), '[abduce-binsec:run] nzr+top-level in 0.056976318359375 seconds')

------------------------------------------------------------
run example.dir/example.abduce-run.bash
executed in 0.05635547637939453 s
[32m[result] :[0m execution statistics:[0m
[32m[result] :[0m   core counters:[0m
[32m[result] :[0m     number of solutions:          0[0m
[32m[result] :[0m     number of unsolutions:        0[0m
[32m[result] :[0m     number of examples:           0[0m
[32m[result] :[0m     number of counter-examples:   0[0m
[32m[result] :[0m     number of necessary literals: 0[0m
[32m[result] :[0m [0m
[32m[result] :[0m   oracles:[0m
[32m[result] :[0m     binsec:[0m
[32m[result] :[0m       * binsec calls:    1[0m
[32m[result] :[0m       * binsec timeouts: 0[0m
[32m[result] :[0m       * binsec crashes:  0[0m
[32m[result] :[0m       * binsec times:    [][0m
[32m[result] :[0m [0m
[32m[result] :[0m   candidates generation:[0m
[32m[result] :[0m     number of restarts:     0[0m
[32m[result] :[0m     number of variables:    0[0m
[32m[result] :[0m     number of literals:     0[0m
[32m[result] :[0m     evaluated candidates:   0[0m
[32m[result] :[0m     considered candidates:  0[0m
[32m[result] :[0m     pruned candidates:      0[0m
[32m[result] :[0m [0m
[32m[result] :[0m   timers:[0m
[32m[result] :[0m     solution:[0m
[32m[result] :[0m       * first solution: 0[0m
[32m[result] :[0m       * last  solution: 0[0m
[32m[result] :[0m     unsolution:[0m
[32m[result] :[0m       * first unsolution: 0[0m
[32m[result] :[0m       * last  unsolution: 0[0m
[32m[result] :[0m     counterex:[0m
[32m[result] :[0m       * first counterex: 0[0m
[32m[result] :[0m       * last  counterex: 0[0m
[32m[result] :[0m     example:[0m
[32m[result] :[0m       * first example: 0[0m
[32m[result] :[0m       * last  example: 0[0m
[32m[result] :[0m     necessaryc:[0m
[32m[result] :[0m       * first necessaryc: 0[0m
[32m[result] :[0m       * last  necessaryc: 0[0m
[35m[1m[fatal]  :[0m[35m top-level exception recovery[0m
[31m[1m[error]  :[0m[31m Traceback (most recent call last):[0m
[31m[1m[error]  :[0m[31m   File "/home/nicol/Documentos/M2-Cyber/RESEARCH/VM/tools-paper/venv/bin/pyabduce", line 28, in main[0m
[31m[1m[error]  :[0m[31m     solver.solve()[0m
[31m[1m[error]  :[0m[31m   File "/home/nicol/Documentos/M2-Cyber/RESEARCH/VM/tools-paper/venv/lib/python3.12/site-packages/pyabduction/solver.py", line 52, in solve[0m
[31m[1m[error]  :[0m[31m     self.get_initital_examples()[0m
[31m[1m[error]  :[0m[31m   File "/home/nicol/Documentos/M2-Cyber/RESEARCH/VM/tools-paper/venv/lib/python3.12/site-packages/pyabduction/solver.py", line 39, in get_initital_examples[0m
[31m[1m[error]  :[0m[31m     vmodel = self.get_vulnerability_model(self.engine.examples)[0m
[31m[1m[error]  :[0m[31m              ^^^^^^^^^^^^^^^^^^^^^^^^^^^^^^^^^^^^^^^^^^^^^^^^^^[0m
[31m[1m[error]  :[0m[31m   File "/home/nicol/Documentos/M2-Cyber/RESEARCH/VM/tools-paper/venv/lib/python3.12/site-packages/pyabduction/solver.py", line 34, in get_vulnerability_model[0m
[31m[1m[error]  :[0m[31m     return self.checkers.check_vulnerability([], vset)[1][0m
[31m[1m[error]  :[0m[31m            ^^^^^^^^^^^^^^^^^^^^^^^^^^^^^^^^^^^^^^^^^^^[0m
[31m[1m[error]  :[0m[31m   File "/home/nicol/Documentos/M2-Cyber/RESEARCH/VM/tools-paper/venv/lib/python3.12/site-packages/pyabduction/binsec.py", line 428, in check_vulnerability[0m
[31m[1m[error]  :[0m[31m     return self._check_dgoal_reachable_util(candidate, reject, complete)[0m
[31m[1m[error]  :[0m[31m            ^^^^^^^^^^^^^^^^^^^^^^^^^^^^^^^^^^^^^^^^^^^^^^^^^^^^^^^^^^^^^[0m
[31m[1m[error]  :[0m[31m   File "/home/nicol/Documentos/M2-Cyber/RESEARCH/VM/tools-paper/venv/lib/python3.12/site-packages/pyabduction/binsec.py", line 436, in _check_dgoal_reachable_util[0m
[31m[1m[error]  :[0m[31m     parser = self._run_binsec_command(candidate, directives)[0m
[31m[1m[error]  :[0m[31m              ^^^^^^^^^^^^^^^^^^^^^^^^^^^^^^^^^^^^^^^^^^^^^^^[0m
[31m[1m[error]  :[0m[31m   File "/home/nicol/Documentos/M2-Cyber/RESEARCH/VM/tools-paper/venv/lib/python3.12/site-packages/pyabduction/binsec.py", line 482, in _run_binsec_command[0m
[31m[1m[error]  :[0m[31m     rc, to, out, err = execute_command(command, self.log, timeout=self.args.binsec_timeout)[0m
[31m[1m[error]  :[0m[31m                        ^^^^^^^^^^^^^^^^^^^^^^^^^^^^^^^^^^^^^^^^^^^^^^^^^^^^^^^^^^^^^^^^^^^^[0m
[31m[1m[error]  :[0m[31m   File "/home/nicol/Documentos/M2-Cyber/RESEARCH/VM/tools-paper/venv/lib/python3.12/site-packages/pyabduction/binsec.py", line 140, in execute_command[0m
[31m[1m[error]  :[0m[31m     proc = Popen(cmd, stdout=PIPE, stderr=STDOUT, stdin=(PIPE if stdin is not None else None))[0m
[31m[1m[error]  :[0m[31m            ^^^^^^^^^^^^^^^^^^^^^^^^^^^^^^^^^^^^^^^^^^^^^^^^^^^^^^^^^^^^^^^^^^^^^^^^^^^^^^^^^^^[0m
[31m[1m[error]  :[0m[31m   File "/usr/lib/python3.12/subprocess.py", line 1026, in __init__[0m
[31m[1m[error]  :[0m[31m     self._execute_child(args, executable, preexec_fn, close_fds,[0m
[31m[1m[error]  :[0m[31m   File "/usr/lib/python3.12/subprocess.py", line 1955, in _execute_child[0m
[31m[1m[error]  :[0m[31m     raise child_exception_type(errno_num, err_msg, err_filename)[0m
[31m[1m[error]  :[0m[31m FileNotFoundError: [Errno 2] No such file or directory: 'binsec'[0m

(TaskException(...), '[abduce-binsec:run] nzr+top-level in 0.05635547637939453 seconds')

------------------------------------------------------------
run example.dir/example.abduce-run.bash
executed in 0.05992293357849121 s
[32m[result] :[0m execution statistics:[0m
[32m[result] :[0m   core counters:[0m
[32m[result] :[0m     number of solutions:          0[0m
[32m[result] :[0m     number of unsolutions:        0[0m
[32m[result] :[0m     number of examples:           0[0m
[32m[result] :[0m     number of counter-examples:   0[0m
[32m[result] :[0m     number of necessary literals: 0[0m
[32m[result] :[0m [0m
[32m[result] :[0m   oracles:[0m
[32m[result] :[0m     binsec:[0m
[32m[result] :[0m       * binsec calls:    1[0m
[32m[result] :[0m       * binsec timeouts: 0[0m
[32m[result] :[0m       * binsec crashes:  0[0m
[32m[result] :[0m       * binsec times:    [][0m
[32m[result] :[0m [0m
[32m[result] :[0m   candidates generation:[0m
[32m[result] :[0m     number of restarts:     0[0m
[32m[result] :[0m     number of variables:    0[0m
[32m[result] :[0m     number of literals:     0[0m
[32m[result] :[0m     evaluated candidates:   0[0m
[32m[result] :[0m     considered candidates:  0[0m
[32m[result] :[0m     pruned candidates:      0[0m
[32m[result] :[0m [0m
[32m[result] :[0m   timers:[0m
[32m[result] :[0m     solution:[0m
[32m[result] :[0m       * first solution: 0[0m
[32m[result] :[0m       * last  solution: 0[0m
[32m[result] :[0m     unsolution:[0m
[32m[result] :[0m       * first unsolution: 0[0m
[32m[result] :[0m       * last  unsolution: 0[0m
[32m[result] :[0m     counterex:[0m
[32m[result] :[0m       * first counterex: 0[0m
[32m[result] :[0m       * last  counterex: 0[0m
[32m[result] :[0m     example:[0m
[32m[result] :[0m       * first example: 0[0m
[32m[result] :[0m       * last  example: 0[0m
[32m[result] :[0m     necessaryc:[0m
[32m[result] :[0m       * first necessaryc: 0[0m
[32m[result] :[0m       * last  necessaryc: 0[0m
[35m[1m[fatal]  :[0m[35m top-level exception recovery[0m
[31m[1m[error]  :[0m[31m Traceback (most recent call last):[0m
[31m[1m[error]  :[0m[31m   File "/home/nicol/Documentos/M2-Cyber/RESEARCH/VM/tools-paper/venv/bin/pyabduce", line 28, in main[0m
[31m[1m[error]  :[0m[31m     solver.solve()[0m
[31m[1m[error]  :[0m[31m   File "/home/nicol/Documentos/M2-Cyber/RESEARCH/VM/tools-paper/venv/lib/python3.12/site-packages/pyabduction/solver.py", line 52, in solve[0m
[31m[1m[error]  :[0m[31m     self.get_initital_examples()[0m
[31m[1m[error]  :[0m[31m   File "/home/nicol/Documentos/M2-Cyber/RESEARCH/VM/tools-paper/venv/lib/python3.12/site-packages/pyabduction/solver.py", line 39, in get_initital_examples[0m
[31m[1m[error]  :[0m[31m     vmodel = self.get_vulnerability_model(self.engine.examples)[0m
[31m[1m[error]  :[0m[31m              ^^^^^^^^^^^^^^^^^^^^^^^^^^^^^^^^^^^^^^^^^^^^^^^^^^[0m
[31m[1m[error]  :[0m[31m   File "/home/nicol/Documentos/M2-Cyber/RESEARCH/VM/tools-paper/venv/lib/python3.12/site-packages/pyabduction/solver.py", line 34, in get_vulnerability_model[0m
[31m[1m[error]  :[0m[31m     return self.checkers.check_vulnerability([], vset)[1][0m
[31m[1m[error]  :[0m[31m            ^^^^^^^^^^^^^^^^^^^^^^^^^^^^^^^^^^^^^^^^^^^[0m
[31m[1m[error]  :[0m[31m   File "/home/nicol/Documentos/M2-Cyber/RESEARCH/VM/tools-paper/venv/lib/python3.12/site-packages/pyabduction/binsec.py", line 428, in check_vulnerability[0m
[31m[1m[error]  :[0m[31m     return self._check_dgoal_reachable_util(candidate, reject, complete)[0m
[31m[1m[error]  :[0m[31m            ^^^^^^^^^^^^^^^^^^^^^^^^^^^^^^^^^^^^^^^^^^^^^^^^^^^^^^^^^^^^^[0m
[31m[1m[error]  :[0m[31m   File "/home/nicol/Documentos/M2-Cyber/RESEARCH/VM/tools-paper/venv/lib/python3.12/site-packages/pyabduction/binsec.py", line 436, in _check_dgoal_reachable_util[0m
[31m[1m[error]  :[0m[31m     parser = self._run_binsec_command(candidate, directives)[0m
[31m[1m[error]  :[0m[31m              ^^^^^^^^^^^^^^^^^^^^^^^^^^^^^^^^^^^^^^^^^^^^^^^[0m
[31m[1m[error]  :[0m[31m   File "/home/nicol/Documentos/M2-Cyber/RESEARCH/VM/tools-paper/venv/lib/python3.12/site-packages/pyabduction/binsec.py", line 482, in _run_binsec_command[0m
[31m[1m[error]  :[0m[31m     rc, to, out, err = execute_command(command, self.log, timeout=self.args.binsec_timeout)[0m
[31m[1m[error]  :[0m[31m                        ^^^^^^^^^^^^^^^^^^^^^^^^^^^^^^^^^^^^^^^^^^^^^^^^^^^^^^^^^^^^^^^^^^^^[0m
[31m[1m[error]  :[0m[31m   File "/home/nicol/Documentos/M2-Cyber/RESEARCH/VM/tools-paper/venv/lib/python3.12/site-packages/pyabduction/binsec.py", line 140, in execute_command[0m
[31m[1m[error]  :[0m[31m     proc = Popen(cmd, stdout=PIPE, stderr=STDOUT, stdin=(PIPE if stdin is not None else None))[0m
[31m[1m[error]  :[0m[31m            ^^^^^^^^^^^^^^^^^^^^^^^^^^^^^^^^^^^^^^^^^^^^^^^^^^^^^^^^^^^^^^^^^^^^^^^^^^^^^^^^^^^[0m
[31m[1m[error]  :[0m[31m   File "/usr/lib/python3.12/subprocess.py", line 1026, in __init__[0m
[31m[1m[error]  :[0m[31m     self._execute_child(args, executable, preexec_fn, close_fds,[0m
[31m[1m[error]  :[0m[31m   File "/usr/lib/python3.12/subprocess.py", line 1955, in _execute_child[0m
[31m[1m[error]  :[0m[31m     raise child_exception_type(errno_num, err_msg, err_filename)[0m
[31m[1m[error]  :[0m[31m FileNotFoundError: [Errno 2] No such file or directory: 'binsec'[0m

(TaskException(...), '[abduce-binsec:run] nzr+top-level in 0.05992293357849121 seconds')

------------------------------------------------------------
run example.dir/example.abduce-run.bash
executed in 0.4778871536254883 s
[33m[1m[warning]:[0m[33m could not recover as many vulnerability models as requested (0 only)[0m
[32m[result] :[0m execution statistics:[0m
[32m[result] :[0m   core counters:[0m
[32m[result] :[0m     number of solutions:          0[0m
[32m[result] :[0m     number of unsolutions:        0[0m
[32m[result] :[0m     number of examples:           0[0m
[32m[result] :[0m     number of counter-examples:   0[0m
[32m[result] :[0m     number of necessary literals: 0[0m
[32m[result] :[0m [0m
[32m[result] :[0m   oracles:[0m
[32m[result] :[0m     binsec:[0m
[32m[result] :[0m       * binsec calls:    1[0m
[32m[result] :[0m       * binsec timeouts: 0[0m
[32m[result] :[0m       * binsec crashes:  0[0m
[32m[result] :[0m       * binsec times:    [0.4196054935455322][0m
[32m[result] :[0m [0m
[32m[result] :[0m   candidates generation:[0m
[32m[result] :[0m     number of restarts:     0[0m
[32m[result] :[0m     number of variables:    0[0m
[32m[result] :[0m     number of literals:     0[0m
[32m[result] :[0m     evaluated candidates:   0[0m
[32m[result] :[0m     considered candidates:  0[0m
[32m[result] :[0m     pruned candidates:      0[0m
[32m[result] :[0m [0m
[32m[result] :[0m   timers:[0m
[32m[result] :[0m     solution:[0m
[32m[result] :[0m       * first solution: 0[0m
[32m[result] :[0m       * last  solution: 0[0m
[32m[result] :[0m     unsolution:[0m
[32m[result] :[0m       * first unsolution: 0[0m
[32m[result] :[0m       * last  unsolution: 0[0m
[32m[result] :[0m     counterex:[0m
[32m[result] :[0m       * first counterex: 0[0m
[32m[result] :[0m       * last  counterex: 0[0m
[32m[result] :[0m     example:[0m
[32m[result] :[0m       * first example: 0[0m
[32m[result] :[0m       * last  example: 0[0m
[32m[result] :[0m     necessaryc:[0m
[32m[result] :[0m       * first necessaryc: 0[0m
[32m[result] :[0m       * last  necessaryc: 0[0m
[35m[1m[fatal]  :[0m[35m top-level exception recovery[0m
[31m[1m[error]  :[0m[31m Traceback (most recent call last):[0m
[31m[1m[error]  :[0m[31m   File "/home/nicol/Documentos/M2-Cyber/RESEARCH/VM/tools-paper/venv/bin/pyabduce", line 28, in main[0m
[31m[1m[error]  :[0m[31m     solver.solve()[0m
[31m[1m[error]  :[0m[31m   File "/home/nicol/Documentos/M2-Cyber/RESEARCH/VM/tools-paper/venv/lib/python3.12/site-packages/pyabduction/solver.py", line 54, in solve[0m
[31m[1m[error]  :[0m[31m     self.recover_necessary_constants()[0m
[31m[1m[error]  :[0m[31m   File "/home/nicol/Documentos/M2-Cyber/RESEARCH/VM/tools-paper/venv/lib/python3.12/site-packages/pyabduction/solver.py", line 48, in recover_necessary_constants[0m
[31m[1m[error]  :[0m[31m     self.engine.recover_necessary_constants()[0m
[31m[1m[error]  :[0m[31m   File "/home/nicol/Documentos/M2-Cyber/RESEARCH/VM/tools-paper/venv/lib/python3.12/site-packages/pyabduction/engine.py", line 97, in recover_necessary_constants[0m
[31m[1m[error]  :[0m[31m     emodel = self.get_example()[0m
[31m[1m[error]  :[0m[31m              ^^^^^^^^^^^^^^^^^^[0m
[31m[1m[error]  :[0m[31m   File "/home/nicol/Documentos/M2-Cyber/RESEARCH/VM/tools-paper/venv/lib/python3.12/site-packages/pyabduction/engine.py", line 55, in get_example[0m
[31m[1m[error]  :[0m[31m     return self.examples.get_any()[0m
[31m[1m[error]  :[0m[31m            ^^^^^^^^^^^^^^^^^^^^^^^[0m
[31m[1m[error]  :[0m[31m   File "/home/nicol/Documentos/M2-Cyber/RESEARCH/VM/tools-paper/venv/lib/python3.12/site-packages/pyabduction/model.py", line 17, in get_any[0m
[31m[1m[error]  :[0m[31m     return self.models[0][0m
[31m[1m[error]  :[0m[31m            ~~~~~~~~~~~^^^[0m
[31m[1m[error]  :[0m[31m IndexError: list index out of range[0m

(TaskException(...), '[abduce-binsec:run] nzr+top-level+unreachable in 0.4778871536254883 seconds')

------------------------------------------------------------
run example.dir/example.abduce-run.bash
executed in 0.4683208465576172 s
[33m[1m[warning]:[0m[33m could not recover as many vulnerability models as requested (0 only)[0m
[32m[result] :[0m execution statistics:[0m
[32m[result] :[0m   core counters:[0m
[32m[result] :[0m     number of solutions:          0[0m
[32m[result] :[0m     number of unsolutions:        0[0m
[32m[result] :[0m     number of examples:           0[0m
[32m[result] :[0m     number of counter-examples:   0[0m
[32m[result] :[0m     number of necessary literals: 0[0m
[32m[result] :[0m [0m
[32m[result] :[0m   oracles:[0m
[32m[result] :[0m     binsec:[0m
[32m[result] :[0m       * binsec calls:    1[0m
[32m[result] :[0m       * binsec timeouts: 0[0m
[32m[result] :[0m       * binsec crashes:  0[0m
[32m[result] :[0m       * binsec times:    [0.40558815002441406][0m
[32m[result] :[0m [0m
[32m[result] :[0m   candidates generation:[0m
[32m[result] :[0m     number of restarts:     0[0m
[32m[result] :[0m     number of variables:    0[0m
[32m[result] :[0m     number of literals:     0[0m
[32m[result] :[0m     evaluated candidates:   0[0m
[32m[result] :[0m     considered candidates:  0[0m
[32m[result] :[0m     pruned candidates:      0[0m
[32m[result] :[0m [0m
[32m[result] :[0m   timers:[0m
[32m[result] :[0m     solution:[0m
[32m[result] :[0m       * first solution: 0[0m
[32m[result] :[0m       * last  solution: 0[0m
[32m[result] :[0m     unsolution:[0m
[32m[result] :[0m       * first unsolution: 0[0m
[32m[result] :[0m       * last  unsolution: 0[0m
[32m[result] :[0m     counterex:[0m
[32m[result] :[0m       * first counterex: 0[0m
[32m[result] :[0m       * last  counterex: 0[0m
[32m[result] :[0m     example:[0m
[32m[result] :[0m       * first example: 0[0m
[32m[result] :[0m       * last  example: 0[0m
[32m[result] :[0m     necessaryc:[0m
[32m[result] :[0m       * first necessaryc: 0[0m
[32m[result] :[0m       * last  necessaryc: 0[0m
[35m[1m[fatal]  :[0m[35m top-level exception recovery[0m
[31m[1m[error]  :[0m[31m Traceback (most recent call last):[0m
[31m[1m[error]  :[0m[31m   File "/home/nicol/Documentos/M2-Cyber/RESEARCH/VM/tools-paper/venv/bin/pyabduce", line 28, in main[0m
[31m[1m[error]  :[0m[31m     solver.solve()[0m
[31m[1m[error]  :[0m[31m   File "/home/nicol/Documentos/M2-Cyber/RESEARCH/VM/tools-paper/venv/lib/python3.12/site-packages/pyabduction/solver.py", line 54, in solve[0m
[31m[1m[error]  :[0m[31m     self.recover_necessary_constants()[0m
[31m[1m[error]  :[0m[31m   File "/home/nicol/Documentos/M2-Cyber/RESEARCH/VM/tools-paper/venv/lib/python3.12/site-packages/pyabduction/solver.py", line 48, in recover_necessary_constants[0m
[31m[1m[error]  :[0m[31m     self.engine.recover_necessary_constants()[0m
[31m[1m[error]  :[0m[31m   File "/home/nicol/Documentos/M2-Cyber/RESEARCH/VM/tools-paper/venv/lib/python3.12/site-packages/pyabduction/engine.py", line 97, in recover_necessary_constants[0m
[31m[1m[error]  :[0m[31m     emodel = self.get_example()[0m
[31m[1m[error]  :[0m[31m              ^^^^^^^^^^^^^^^^^^[0m
[31m[1m[error]  :[0m[31m   File "/home/nicol/Documentos/M2-Cyber/RESEARCH/VM/tools-paper/venv/lib/python3.12/site-packages/pyabduction/engine.py", line 55, in get_example[0m
[31m[1m[error]  :[0m[31m     return self.examples.get_any()[0m
[31m[1m[error]  :[0m[31m            ^^^^^^^^^^^^^^^^^^^^^^^[0m
[31m[1m[error]  :[0m[31m   File "/home/nicol/Documentos/M2-Cyber/RESEARCH/VM/tools-paper/venv/lib/python3.12/site-packages/pyabduction/model.py", line 17, in get_any[0m
[31m[1m[error]  :[0m[31m     return self.models[0][0m
[31m[1m[error]  :[0m[31m            ~~~~~~~~~~~^^^[0m
[31m[1m[error]  :[0m[31m IndexError: list index out of range[0m

(TaskException(...), '[abduce-binsec:run] nzr+top-level+unreachable in 0.4683208465576172 seconds')

------------------------------------------------------------
run example.dir/example.abduce-run.bash
executed in 0.4557819366455078 s
[33m[1m[warning]:[0m[33m could not recover as many vulnerability models as requested (0 only)[0m
[32m[result] :[0m execution statistics:[0m
[32m[result] :[0m   core counters:[0m
[32m[result] :[0m     number of solutions:          0[0m
[32m[result] :[0m     number of unsolutions:        0[0m
[32m[result] :[0m     number of examples:           0[0m
[32m[result] :[0m     number of counter-examples:   0[0m
[32m[result] :[0m     number of necessary literals: 0[0m
[32m[result] :[0m [0m
[32m[result] :[0m   oracles:[0m
[32m[result] :[0m     binsec:[0m
[32m[result] :[0m       * binsec calls:    1[0m
[32m[result] :[0m       * binsec timeouts: 0[0m
[32m[result] :[0m       * binsec crashes:  0[0m
[32m[result] :[0m       * binsec times:    [0.3917560577392578][0m
[32m[result] :[0m [0m
[32m[result] :[0m   candidates generation:[0m
[32m[result] :[0m     number of restarts:     0[0m
[32m[result] :[0m     number of variables:    0[0m
[32m[result] :[0m     number of literals:     0[0m
[32m[result] :[0m     evaluated candidates:   0[0m
[32m[result] :[0m     considered candidates:  0[0m
[32m[result] :[0m     pruned candidates:      0[0m
[32m[result] :[0m [0m
[32m[result] :[0m   timers:[0m
[32m[result] :[0m     solution:[0m
[32m[result] :[0m       * first solution: 0[0m
[32m[result] :[0m       * last  solution: 0[0m
[32m[result] :[0m     unsolution:[0m
[32m[result] :[0m       * first unsolution: 0[0m
[32m[result] :[0m       * last  unsolution: 0[0m
[32m[result] :[0m     counterex:[0m
[32m[result] :[0m       * first counterex: 0[0m
[32m[result] :[0m       * last  counterex: 0[0m
[32m[result] :[0m     example:[0m
[32m[result] :[0m       * first example: 0[0m
[32m[result] :[0m       * last  example: 0[0m
[32m[result] :[0m     necessaryc:[0m
[32m[result] :[0m       * first necessaryc: 0[0m
[32m[result] :[0m       * last  necessaryc: 0[0m
[35m[1m[fatal]  :[0m[35m top-level exception recovery[0m
[31m[1m[error]  :[0m[31m Traceback (most recent call last):[0m
[31m[1m[error]  :[0m[31m   File "/home/nicol/Documentos/M2-Cyber/RESEARCH/VM/tools-paper/venv/bin/pyabduce", line 28, in main[0m
[31m[1m[error]  :[0m[31m     solver.solve()[0m
[31m[1m[error]  :[0m[31m   File "/home/nicol/Documentos/M2-Cyber/RESEARCH/VM/tools-paper/venv/lib/python3.12/site-packages/pyabduction/solver.py", line 54, in solve[0m
[31m[1m[error]  :[0m[31m     self.recover_necessary_constants()[0m
[31m[1m[error]  :[0m[31m   File "/home/nicol/Documentos/M2-Cyber/RESEARCH/VM/tools-paper/venv/lib/python3.12/site-packages/pyabduction/solver.py", line 48, in recover_necessary_constants[0m
[31m[1m[error]  :[0m[31m     self.engine.recover_necessary_constants()[0m
[31m[1m[error]  :[0m[31m   File "/home/nicol/Documentos/M2-Cyber/RESEARCH/VM/tools-paper/venv/lib/python3.12/site-packages/pyabduction/engine.py", line 97, in recover_necessary_constants[0m
[31m[1m[error]  :[0m[31m     emodel = self.get_example()[0m
[31m[1m[error]  :[0m[31m              ^^^^^^^^^^^^^^^^^^[0m
[31m[1m[error]  :[0m[31m   File "/home/nicol/Documentos/M2-Cyber/RESEARCH/VM/tools-paper/venv/lib/python3.12/site-packages/pyabduction/engine.py", line 55, in get_example[0m
[31m[1m[error]  :[0m[31m     return self.examples.get_any()[0m
[31m[1m[error]  :[0m[31m            ^^^^^^^^^^^^^^^^^^^^^^^[0m
[31m[1m[error]  :[0m[31m   File "/home/nicol/Documentos/M2-Cyber/RESEARCH/VM/tools-paper/venv/lib/python3.12/site-packages/pyabduction/model.py", line 17, in get_any[0m
[31m[1m[error]  :[0m[31m     return self.models[0][0m
[31m[1m[error]  :[0m[31m            ~~~~~~~~~~~^^^[0m
[31m[1m[error]  :[0m[31m IndexError: list index out of range[0m

(TaskException(...), '[abduce-binsec:run] nzr+top-level+unreachable in 0.4557819366455078 seconds')

------------------------------------------------------------
run example.dir/example.abduce-run.bash
executed in 0.5581681728363037 s
[33m[1m[warning]:[0m[33m could not recover as many vulnerability models as requested (0 only)[0m
[32m[result] :[0m execution statistics:[0m
[32m[result] :[0m   core counters:[0m
[32m[result] :[0m     number of solutions:          0[0m
[32m[result] :[0m     number of unsolutions:        0[0m
[32m[result] :[0m     number of examples:           0[0m
[32m[result] :[0m     number of counter-examples:   0[0m
[32m[result] :[0m     number of necessary literals: 0[0m
[32m[result] :[0m [0m
[32m[result] :[0m   oracles:[0m
[32m[result] :[0m     binsec:[0m
[32m[result] :[0m       * binsec calls:    1[0m
[32m[result] :[0m       * binsec timeouts: 0[0m
[32m[result] :[0m       * binsec crashes:  0[0m
[32m[result] :[0m       * binsec times:    [0.5000500679016113][0m
[32m[result] :[0m [0m
[32m[result] :[0m   candidates generation:[0m
[32m[result] :[0m     number of restarts:     0[0m
[32m[result] :[0m     number of variables:    0[0m
[32m[result] :[0m     number of literals:     0[0m
[32m[result] :[0m     evaluated candidates:   0[0m
[32m[result] :[0m     considered candidates:  0[0m
[32m[result] :[0m     pruned candidates:      0[0m
[32m[result] :[0m [0m
[32m[result] :[0m   timers:[0m
[32m[result] :[0m     solution:[0m
[32m[result] :[0m       * first solution: 0[0m
[32m[result] :[0m       * last  solution: 0[0m
[32m[result] :[0m     unsolution:[0m
[32m[result] :[0m       * first unsolution: 0[0m
[32m[result] :[0m       * last  unsolution: 0[0m
[32m[result] :[0m     counterex:[0m
[32m[result] :[0m       * first counterex: 0[0m
[32m[result] :[0m       * last  counterex: 0[0m
[32m[result] :[0m     example:[0m
[32m[result] :[0m       * first example: 0[0m
[32m[result] :[0m       * last  example: 0[0m
[32m[result] :[0m     necessaryc:[0m
[32m[result] :[0m       * first necessaryc: 0[0m
[32m[result] :[0m       * last  necessaryc: 0[0m
[35m[1m[fatal]  :[0m[35m top-level exception recovery[0m
[31m[1m[error]  :[0m[31m Traceback (most recent call last):[0m
[31m[1m[error]  :[0m[31m   File "/home/nicol/Documentos/M2-Cyber/RESEARCH/VM/tools-paper/venv/bin/pyabduce", line 28, in main[0m
[31m[1m[error]  :[0m[31m     solver.solve()[0m
[31m[1m[error]  :[0m[31m   File "/home/nicol/Documentos/M2-Cyber/RESEARCH/VM/tools-paper/venv/lib/python3.12/site-packages/pyabduction/solver.py", line 54, in solve[0m
[31m[1m[error]  :[0m[31m     self.recover_necessary_constants()[0m
[31m[1m[error]  :[0m[31m   File "/home/nicol/Documentos/M2-Cyber/RESEARCH/VM/tools-paper/venv/lib/python3.12/site-packages/pyabduction/solver.py", line 48, in recover_necessary_constants[0m
[31m[1m[error]  :[0m[31m     self.engine.recover_necessary_constants()[0m
[31m[1m[error]  :[0m[31m   File "/home/nicol/Documentos/M2-Cyber/RESEARCH/VM/tools-paper/venv/lib/python3.12/site-packages/pyabduction/engine.py", line 97, in recover_necessary_constants[0m
[31m[1m[error]  :[0m[31m     emodel = self.get_example()[0m
[31m[1m[error]  :[0m[31m              ^^^^^^^^^^^^^^^^^^[0m
[31m[1m[error]  :[0m[31m   File "/home/nicol/Documentos/M2-Cyber/RESEARCH/VM/tools-paper/venv/lib/python3.12/site-packages/pyabduction/engine.py", line 55, in get_example[0m
[31m[1m[error]  :[0m[31m     return self.examples.get_any()[0m
[31m[1m[error]  :[0m[31m            ^^^^^^^^^^^^^^^^^^^^^^^[0m
[31m[1m[error]  :[0m[31m   File "/home/nicol/Documentos/M2-Cyber/RESEARCH/VM/tools-paper/venv/lib/python3.12/site-packages/pyabduction/model.py", line 17, in get_any[0m
[31m[1m[error]  :[0m[31m     return self.models[0][0m
[31m[1m[error]  :[0m[31m            ~~~~~~~~~~~^^^[0m
[31m[1m[error]  :[0m[31m IndexError: list index out of range[0m

(TaskException(...), '[abduce-binsec:run] nzr+top-level+unreachable in 0.5581681728363037 seconds')

------------------------------------------------------------
run example.dir/example.abduce-run.bash
executed in 0.06218695640563965 s
[32m[result] :[0m execution statistics:[0m
[32m[result] :[0m   core counters:[0m
[32m[result] :[0m     number of solutions:          0[0m
[32m[result] :[0m     number of unsolutions:        0[0m
[32m[result] :[0m     number of examples:           0[0m
[32m[result] :[0m     number of counter-examples:   0[0m
[32m[result] :[0m     number of necessary literals: 0[0m
[32m[result] :[0m [0m
[32m[result] :[0m   oracles:[0m
[32m[result] :[0m     binsec:[0m
[32m[result] :[0m       * binsec calls:    1[0m
[32m[result] :[0m       * binsec timeouts: 0[0m
[32m[result] :[0m       * binsec crashes:  0[0m
[32m[result] :[0m       * binsec times:    [][0m
[32m[result] :[0m [0m
[32m[result] :[0m   candidates generation:[0m
[32m[result] :[0m     number of restarts:     0[0m
[32m[result] :[0m     number of variables:    0[0m
[32m[result] :[0m     number of literals:     0[0m
[32m[result] :[0m     evaluated candidates:   0[0m
[32m[result] :[0m     considered candidates:  0[0m
[32m[result] :[0m     pruned candidates:      0[0m
[32m[result] :[0m [0m
[32m[result] :[0m   timers:[0m
[32m[result] :[0m     solution:[0m
[32m[result] :[0m       * first solution: 0[0m
[32m[result] :[0m       * last  solution: 0[0m
[32m[result] :[0m     unsolution:[0m
[32m[result] :[0m       * first unsolution: 0[0m
[32m[result] :[0m       * last  unsolution: 0[0m
[32m[result] :[0m     counterex:[0m
[32m[result] :[0m       * first counterex: 0[0m
[32m[result] :[0m       * last  counterex: 0[0m
[32m[result] :[0m     example:[0m
[32m[result] :[0m       * first example: 0[0m
[32m[result] :[0m       * last  example: 0[0m
[32m[result] :[0m     necessaryc:[0m
[32m[result] :[0m       * first necessaryc: 0[0m
[32m[result] :[0m       * last  necessaryc: 0[0m
[35m[1m[fatal]  :[0m[35m top-level exception recovery[0m
[31m[1m[error]  :[0m[31m Traceback (most recent call last):[0m
[31m[1m[error]  :[0m[31m   File "/home/nicol/Documentos/M2-Cyber/RESEARCH/VM/tools-paper/venv/bin/pyabduce", line 28, in main[0m
[31m[1m[error]  :[0m[31m     solver.solve()[0m
[31m[1m[error]  :[0m[31m   File "/home/nicol/Documentos/M2-Cyber/RESEARCH/VM/tools-paper/venv/lib/python3.12/site-packages/pyabduction/solver.py", line 52, in solve[0m
[31m[1m[error]  :[0m[31m     self.get_initital_examples()[0m
[31m[1m[error]  :[0m[31m   File "/home/nicol/Documentos/M2-Cyber/RESEARCH/VM/tools-paper/venv/lib/python3.12/site-packages/pyabduction/solver.py", line 39, in get_initital_examples[0m
[31m[1m[error]  :[0m[31m     vmodel = self.get_vulnerability_model(self.engine.examples)[0m
[31m[1m[error]  :[0m[31m              ^^^^^^^^^^^^^^^^^^^^^^^^^^^^^^^^^^^^^^^^^^^^^^^^^^[0m
[31m[1m[error]  :[0m[31m   File "/home/nicol/Documentos/M2-Cyber/RESEARCH/VM/tools-paper/venv/lib/python3.12/site-packages/pyabduction/solver.py", line 34, in get_vulnerability_model[0m
[31m[1m[error]  :[0m[31m     return self.checkers.check_vulnerability([], vset)[1][0m
[31m[1m[error]  :[0m[31m            ^^^^^^^^^^^^^^^^^^^^^^^^^^^^^^^^^^^^^^^^^^^[0m
[31m[1m[error]  :[0m[31m   File "/home/nicol/Documentos/M2-Cyber/RESEARCH/VM/tools-paper/venv/lib/python3.12/site-packages/pyabduction/binsec.py", line 428, in check_vulnerability[0m
[31m[1m[error]  :[0m[31m     return self._check_dgoal_reachable_util(candidate, reject, complete)[0m
[31m[1m[error]  :[0m[31m            ^^^^^^^^^^^^^^^^^^^^^^^^^^^^^^^^^^^^^^^^^^^^^^^^^^^^^^^^^^^^^[0m
[31m[1m[error]  :[0m[31m   File "/home/nicol/Documentos/M2-Cyber/RESEARCH/VM/tools-paper/venv/lib/python3.12/site-packages/pyabduction/binsec.py", line 436, in _check_dgoal_reachable_util[0m
[31m[1m[error]  :[0m[31m     parser = self._run_binsec_command(candidate, directives)[0m
[31m[1m[error]  :[0m[31m              ^^^^^^^^^^^^^^^^^^^^^^^^^^^^^^^^^^^^^^^^^^^^^^^[0m
[31m[1m[error]  :[0m[31m   File "/home/nicol/Documentos/M2-Cyber/RESEARCH/VM/tools-paper/venv/lib/python3.12/site-packages/pyabduction/binsec.py", line 482, in _run_binsec_command[0m
[31m[1m[error]  :[0m[31m     rc, to, out, err = execute_command(command, self.log, timeout=self.args.binsec_timeout)[0m
[31m[1m[error]  :[0m[31m                        ^^^^^^^^^^^^^^^^^^^^^^^^^^^^^^^^^^^^^^^^^^^^^^^^^^^^^^^^^^^^^^^^^^^^[0m
[31m[1m[error]  :[0m[31m   File "/home/nicol/Documentos/M2-Cyber/RESEARCH/VM/tools-paper/venv/lib/python3.12/site-packages/pyabduction/binsec.py", line 140, in execute_command[0m
[31m[1m[error]  :[0m[31m     proc = Popen(cmd, stdout=PIPE, stderr=STDOUT, stdin=(PIPE if stdin is not None else None))[0m
[31m[1m[error]  :[0m[31m            ^^^^^^^^^^^^^^^^^^^^^^^^^^^^^^^^^^^^^^^^^^^^^^^^^^^^^^^^^^^^^^^^^^^^^^^^^^^^^^^^^^^[0m
[31m[1m[error]  :[0m[31m   File "/usr/lib/python3.12/subprocess.py", line 1026, in __init__[0m
[31m[1m[error]  :[0m[31m     self._execute_child(args, executable, preexec_fn, close_fds,[0m
[31m[1m[error]  :[0m[31m   File "/usr/lib/python3.12/subprocess.py", line 1955, in _execute_child[0m
[31m[1m[error]  :[0m[31m     raise child_exception_type(errno_num, err_msg, err_filename)[0m
[31m[1m[error]  :[0m[31m FileNotFoundError: [Errno 2] No such file or directory: 'binsec'[0m

(TaskException(...), '[abduce-binsec:run] nzr+top-level in 0.06218695640563965 seconds')

------------------------------------------------------------
run example.dir/example.abduce-run.bash
executed in 0.05778670310974121 s
[32m[result] :[0m execution statistics:[0m
[32m[result] :[0m   core counters:[0m
[32m[result] :[0m     number of solutions:          0[0m
[32m[result] :[0m     number of unsolutions:        0[0m
[32m[result] :[0m     number of examples:           0[0m
[32m[result] :[0m     number of counter-examples:   0[0m
[32m[result] :[0m     number of necessary literals: 0[0m
[32m[result] :[0m [0m
[32m[result] :[0m   oracles:[0m
[32m[result] :[0m     binsec:[0m
[32m[result] :[0m       * binsec calls:    1[0m
[32m[result] :[0m       * binsec timeouts: 0[0m
[32m[result] :[0m       * binsec crashes:  0[0m
[32m[result] :[0m       * binsec times:    [][0m
[32m[result] :[0m [0m
[32m[result] :[0m   candidates generation:[0m
[32m[result] :[0m     number of restarts:     0[0m
[32m[result] :[0m     number of variables:    0[0m
[32m[result] :[0m     number of literals:     0[0m
[32m[result] :[0m     evaluated candidates:   0[0m
[32m[result] :[0m     considered candidates:  0[0m
[32m[result] :[0m     pruned candidates:      0[0m
[32m[result] :[0m [0m
[32m[result] :[0m   timers:[0m
[32m[result] :[0m     solution:[0m
[32m[result] :[0m       * first solution: 0[0m
[32m[result] :[0m       * last  solution: 0[0m
[32m[result] :[0m     unsolution:[0m
[32m[result] :[0m       * first unsolution: 0[0m
[32m[result] :[0m       * last  unsolution: 0[0m
[32m[result] :[0m     counterex:[0m
[32m[result] :[0m       * first counterex: 0[0m
[32m[result] :[0m       * last  counterex: 0[0m
[32m[result] :[0m     example:[0m
[32m[result] :[0m       * first example: 0[0m
[32m[result] :[0m       * last  example: 0[0m
[32m[result] :[0m     necessaryc:[0m
[32m[result] :[0m       * first necessaryc: 0[0m
[32m[result] :[0m       * last  necessaryc: 0[0m
[35m[1m[fatal]  :[0m[35m top-level exception recovery[0m
[31m[1m[error]  :[0m[31m Traceback (most recent call last):[0m
[31m[1m[error]  :[0m[31m   File "/home/nicol/Documentos/M2-Cyber/RESEARCH/VM/tools-paper/venv/bin/pyabduce", line 28, in main[0m
[31m[1m[error]  :[0m[31m     solver.solve()[0m
[31m[1m[error]  :[0m[31m   File "/home/nicol/Documentos/M2-Cyber/RESEARCH/VM/tools-paper/venv/lib/python3.12/site-packages/pyabduction/solver.py", line 52, in solve[0m
[31m[1m[error]  :[0m[31m     self.get_initital_examples()[0m
[31m[1m[error]  :[0m[31m   File "/home/nicol/Documentos/M2-Cyber/RESEARCH/VM/tools-paper/venv/lib/python3.12/site-packages/pyabduction/solver.py", line 39, in get_initital_examples[0m
[31m[1m[error]  :[0m[31m     vmodel = self.get_vulnerability_model(self.engine.examples)[0m
[31m[1m[error]  :[0m[31m              ^^^^^^^^^^^^^^^^^^^^^^^^^^^^^^^^^^^^^^^^^^^^^^^^^^[0m
[31m[1m[error]  :[0m[31m   File "/home/nicol/Documentos/M2-Cyber/RESEARCH/VM/tools-paper/venv/lib/python3.12/site-packages/pyabduction/solver.py", line 34, in get_vulnerability_model[0m
[31m[1m[error]  :[0m[31m     return self.checkers.check_vulnerability([], vset)[1][0m
[31m[1m[error]  :[0m[31m            ^^^^^^^^^^^^^^^^^^^^^^^^^^^^^^^^^^^^^^^^^^^[0m
[31m[1m[error]  :[0m[31m   File "/home/nicol/Documentos/M2-Cyber/RESEARCH/VM/tools-paper/venv/lib/python3.12/site-packages/pyabduction/binsec.py", line 428, in check_vulnerability[0m
[31m[1m[error]  :[0m[31m     return self._check_dgoal_reachable_util(candidate, reject, complete)[0m
[31m[1m[error]  :[0m[31m            ^^^^^^^^^^^^^^^^^^^^^^^^^^^^^^^^^^^^^^^^^^^^^^^^^^^^^^^^^^^^^[0m
[31m[1m[error]  :[0m[31m   File "/home/nicol/Documentos/M2-Cyber/RESEARCH/VM/tools-paper/venv/lib/python3.12/site-packages/pyabduction/binsec.py", line 436, in _check_dgoal_reachable_util[0m
[31m[1m[error]  :[0m[31m     parser = self._run_binsec_command(candidate, directives)[0m
[31m[1m[error]  :[0m[31m              ^^^^^^^^^^^^^^^^^^^^^^^^^^^^^^^^^^^^^^^^^^^^^^^[0m
[31m[1m[error]  :[0m[31m   File "/home/nicol/Documentos/M2-Cyber/RESEARCH/VM/tools-paper/venv/lib/python3.12/site-packages/pyabduction/binsec.py", line 482, in _run_binsec_command[0m
[31m[1m[error]  :[0m[31m     rc, to, out, err = execute_command(command, self.log, timeout=self.args.binsec_timeout)[0m
[31m[1m[error]  :[0m[31m                        ^^^^^^^^^^^^^^^^^^^^^^^^^^^^^^^^^^^^^^^^^^^^^^^^^^^^^^^^^^^^^^^^^^^^[0m
[31m[1m[error]  :[0m[31m   File "/home/nicol/Documentos/M2-Cyber/RESEARCH/VM/tools-paper/venv/lib/python3.12/site-packages/pyabduction/binsec.py", line 140, in execute_command[0m
[31m[1m[error]  :[0m[31m     proc = Popen(cmd, stdout=PIPE, stderr=STDOUT, stdin=(PIPE if stdin is not None else None))[0m
[31m[1m[error]  :[0m[31m            ^^^^^^^^^^^^^^^^^^^^^^^^^^^^^^^^^^^^^^^^^^^^^^^^^^^^^^^^^^^^^^^^^^^^^^^^^^^^^^^^^^^[0m
[31m[1m[error]  :[0m[31m   File "/usr/lib/python3.12/subprocess.py", line 1026, in __init__[0m
[31m[1m[error]  :[0m[31m     self._execute_child(args, executable, preexec_fn, close_fds,[0m
[31m[1m[error]  :[0m[31m   File "/usr/lib/python3.12/subprocess.py", line 1955, in _execute_child[0m
[31m[1m[error]  :[0m[31m     raise child_exception_type(errno_num, err_msg, err_filename)[0m
[31m[1m[error]  :[0m[31m FileNotFoundError: [Errno 2] No such file or directory: 'binsec'[0m

(TaskException(...), '[abduce-binsec:run] nzr+top-level in 0.05778670310974121 seconds')

------------------------------------------------------------
run example.dir/example.abduce-run.bash
executed in 0.06114768981933594 s
[32m[result] :[0m execution statistics:[0m
[32m[result] :[0m   core counters:[0m
[32m[result] :[0m     number of solutions:          0[0m
[32m[result] :[0m     number of unsolutions:        0[0m
[32m[result] :[0m     number of examples:           0[0m
[32m[result] :[0m     number of counter-examples:   0[0m
[32m[result] :[0m     number of necessary literals: 0[0m
[32m[result] :[0m [0m
[32m[result] :[0m   oracles:[0m
[32m[result] :[0m     binsec:[0m
[32m[result] :[0m       * binsec calls:    1[0m
[32m[result] :[0m       * binsec timeouts: 0[0m
[32m[result] :[0m       * binsec crashes:  0[0m
[32m[result] :[0m       * binsec times:    [][0m
[32m[result] :[0m [0m
[32m[result] :[0m   candidates generation:[0m
[32m[result] :[0m     number of restarts:     0[0m
[32m[result] :[0m     number of variables:    0[0m
[32m[result] :[0m     number of literals:     0[0m
[32m[result] :[0m     evaluated candidates:   0[0m
[32m[result] :[0m     considered candidates:  0[0m
[32m[result] :[0m     pruned candidates:      0[0m
[32m[result] :[0m [0m
[32m[result] :[0m   timers:[0m
[32m[result] :[0m     solution:[0m
[32m[result] :[0m       * first solution: 0[0m
[32m[result] :[0m       * last  solution: 0[0m
[32m[result] :[0m     unsolution:[0m
[32m[result] :[0m       * first unsolution: 0[0m
[32m[result] :[0m       * last  unsolution: 0[0m
[32m[result] :[0m     counterex:[0m
[32m[result] :[0m       * first counterex: 0[0m
[32m[result] :[0m       * last  counterex: 0[0m
[32m[result] :[0m     example:[0m
[32m[result] :[0m       * first example: 0[0m
[32m[result] :[0m       * last  example: 0[0m
[32m[result] :[0m     necessaryc:[0m
[32m[result] :[0m       * first necessaryc: 0[0m
[32m[result] :[0m       * last  necessaryc: 0[0m
[35m[1m[fatal]  :[0m[35m top-level exception recovery[0m
[31m[1m[error]  :[0m[31m Traceback (most recent call last):[0m
[31m[1m[error]  :[0m[31m   File "/home/nicol/Documentos/M2-Cyber/RESEARCH/VM/tools-paper/venv/bin/pyabduce", line 28, in main[0m
[31m[1m[error]  :[0m[31m     solver.solve()[0m
[31m[1m[error]  :[0m[31m   File "/home/nicol/Documentos/M2-Cyber/RESEARCH/VM/tools-paper/venv/lib/python3.12/site-packages/pyabduction/solver.py", line 52, in solve[0m
[31m[1m[error]  :[0m[31m     self.get_initital_examples()[0m
[31m[1m[error]  :[0m[31m   File "/home/nicol/Documentos/M2-Cyber/RESEARCH/VM/tools-paper/venv/lib/python3.12/site-packages/pyabduction/solver.py", line 39, in get_initital_examples[0m
[31m[1m[error]  :[0m[31m     vmodel = self.get_vulnerability_model(self.engine.examples)[0m
[31m[1m[error]  :[0m[31m              ^^^^^^^^^^^^^^^^^^^^^^^^^^^^^^^^^^^^^^^^^^^^^^^^^^[0m
[31m[1m[error]  :[0m[31m   File "/home/nicol/Documentos/M2-Cyber/RESEARCH/VM/tools-paper/venv/lib/python3.12/site-packages/pyabduction/solver.py", line 34, in get_vulnerability_model[0m
[31m[1m[error]  :[0m[31m     return self.checkers.check_vulnerability([], vset)[1][0m
[31m[1m[error]  :[0m[31m            ^^^^^^^^^^^^^^^^^^^^^^^^^^^^^^^^^^^^^^^^^^^[0m
[31m[1m[error]  :[0m[31m   File "/home/nicol/Documentos/M2-Cyber/RESEARCH/VM/tools-paper/venv/lib/python3.12/site-packages/pyabduction/binsec.py", line 428, in check_vulnerability[0m
[31m[1m[error]  :[0m[31m     return self._check_dgoal_reachable_util(candidate, reject, complete)[0m
[31m[1m[error]  :[0m[31m            ^^^^^^^^^^^^^^^^^^^^^^^^^^^^^^^^^^^^^^^^^^^^^^^^^^^^^^^^^^^^^[0m
[31m[1m[error]  :[0m[31m   File "/home/nicol/Documentos/M2-Cyber/RESEARCH/VM/tools-paper/venv/lib/python3.12/site-packages/pyabduction/binsec.py", line 436, in _check_dgoal_reachable_util[0m
[31m[1m[error]  :[0m[31m     parser = self._run_binsec_command(candidate, directives)[0m
[31m[1m[error]  :[0m[31m              ^^^^^^^^^^^^^^^^^^^^^^^^^^^^^^^^^^^^^^^^^^^^^^^[0m
[31m[1m[error]  :[0m[31m   File "/home/nicol/Documentos/M2-Cyber/RESEARCH/VM/tools-paper/venv/lib/python3.12/site-packages/pyabduction/binsec.py", line 482, in _run_binsec_command[0m
[31m[1m[error]  :[0m[31m     rc, to, out, err = execute_command(command, self.log, timeout=self.args.binsec_timeout)[0m
[31m[1m[error]  :[0m[31m                        ^^^^^^^^^^^^^^^^^^^^^^^^^^^^^^^^^^^^^^^^^^^^^^^^^^^^^^^^^^^^^^^^^^^^[0m
[31m[1m[error]  :[0m[31m   File "/home/nicol/Documentos/M2-Cyber/RESEARCH/VM/tools-paper/venv/lib/python3.12/site-packages/pyabduction/binsec.py", line 140, in execute_command[0m
[31m[1m[error]  :[0m[31m     proc = Popen(cmd, stdout=PIPE, stderr=STDOUT, stdin=(PIPE if stdin is not None else None))[0m
[31m[1m[error]  :[0m[31m            ^^^^^^^^^^^^^^^^^^^^^^^^^^^^^^^^^^^^^^^^^^^^^^^^^^^^^^^^^^^^^^^^^^^^^^^^^^^^^^^^^^^[0m
[31m[1m[error]  :[0m[31m   File "/usr/lib/python3.12/subprocess.py", line 1026, in __init__[0m
[31m[1m[error]  :[0m[31m     self._execute_child(args, executable, preexec_fn, close_fds,[0m
[31m[1m[error]  :[0m[31m   File "/usr/lib/python3.12/subprocess.py", line 1955, in _execute_child[0m
[31m[1m[error]  :[0m[31m     raise child_exception_type(errno_num, err_msg, err_filename)[0m
[31m[1m[error]  :[0m[31m FileNotFoundError: [Errno 2] No such file or directory: 'binsec'[0m

(TaskException(...), '[abduce-binsec:run] nzr+top-level in 0.06114768981933594 seconds')

------------------------------------------------------------
run example.dir/example.abduce-run.bash
executed in 0.4672701358795166 s
[33m[1m[warning]:[0m[33m could not recover as many vulnerability models as requested (0 only)[0m
[32m[result] :[0m execution statistics:[0m
[32m[result] :[0m   core counters:[0m
[32m[result] :[0m     number of solutions:          0[0m
[32m[result] :[0m     number of unsolutions:        0[0m
[32m[result] :[0m     number of examples:           0[0m
[32m[result] :[0m     number of counter-examples:   0[0m
[32m[result] :[0m     number of necessary literals: 0[0m
[32m[result] :[0m [0m
[32m[result] :[0m   oracles:[0m
[32m[result] :[0m     binsec:[0m
[32m[result] :[0m       * binsec calls:    1[0m
[32m[result] :[0m       * binsec timeouts: 0[0m
[32m[result] :[0m       * binsec crashes:  0[0m
[32m[result] :[0m       * binsec times:    [0.4043135643005371][0m
[32m[result] :[0m [0m
[32m[result] :[0m   candidates generation:[0m
[32m[result] :[0m     number of restarts:     0[0m
[32m[result] :[0m     number of variables:    0[0m
[32m[result] :[0m     number of literals:     0[0m
[32m[result] :[0m     evaluated candidates:   0[0m
[32m[result] :[0m     considered candidates:  0[0m
[32m[result] :[0m     pruned candidates:      0[0m
[32m[result] :[0m [0m
[32m[result] :[0m   timers:[0m
[32m[result] :[0m     solution:[0m
[32m[result] :[0m       * first solution: 0[0m
[32m[result] :[0m       * last  solution: 0[0m
[32m[result] :[0m     unsolution:[0m
[32m[result] :[0m       * first unsolution: 0[0m
[32m[result] :[0m       * last  unsolution: 0[0m
[32m[result] :[0m     counterex:[0m
[32m[result] :[0m       * first counterex: 0[0m
[32m[result] :[0m       * last  counterex: 0[0m
[32m[result] :[0m     example:[0m
[32m[result] :[0m       * first example: 0[0m
[32m[result] :[0m       * last  example: 0[0m
[32m[result] :[0m     necessaryc:[0m
[32m[result] :[0m       * first necessaryc: 0[0m
[32m[result] :[0m       * last  necessaryc: 0[0m
[35m[1m[fatal]  :[0m[35m top-level exception recovery[0m
[31m[1m[error]  :[0m[31m Traceback (most recent call last):[0m
[31m[1m[error]  :[0m[31m   File "/home/nicol/Documentos/M2-Cyber/RESEARCH/VM/tools-paper/venv/bin/pyabduce", line 28, in main[0m
[31m[1m[error]  :[0m[31m     solver.solve()[0m
[31m[1m[error]  :[0m[31m   File "/home/nicol/Documentos/M2-Cyber/RESEARCH/VM/tools-paper/venv/lib/python3.12/site-packages/pyabduction/solver.py", line 54, in solve[0m
[31m[1m[error]  :[0m[31m     self.recover_necessary_constants()[0m
[31m[1m[error]  :[0m[31m   File "/home/nicol/Documentos/M2-Cyber/RESEARCH/VM/tools-paper/venv/lib/python3.12/site-packages/pyabduction/solver.py", line 48, in recover_necessary_constants[0m
[31m[1m[error]  :[0m[31m     self.engine.recover_necessary_constants()[0m
[31m[1m[error]  :[0m[31m   File "/home/nicol/Documentos/M2-Cyber/RESEARCH/VM/tools-paper/venv/lib/python3.12/site-packages/pyabduction/engine.py", line 97, in recover_necessary_constants[0m
[31m[1m[error]  :[0m[31m     emodel = self.get_example()[0m
[31m[1m[error]  :[0m[31m              ^^^^^^^^^^^^^^^^^^[0m
[31m[1m[error]  :[0m[31m   File "/home/nicol/Documentos/M2-Cyber/RESEARCH/VM/tools-paper/venv/lib/python3.12/site-packages/pyabduction/engine.py", line 55, in get_example[0m
[31m[1m[error]  :[0m[31m     return self.examples.get_any()[0m
[31m[1m[error]  :[0m[31m            ^^^^^^^^^^^^^^^^^^^^^^^[0m
[31m[1m[error]  :[0m[31m   File "/home/nicol/Documentos/M2-Cyber/RESEARCH/VM/tools-paper/venv/lib/python3.12/site-packages/pyabduction/model.py", line 17, in get_any[0m
[31m[1m[error]  :[0m[31m     return self.models[0][0m
[31m[1m[error]  :[0m[31m            ~~~~~~~~~~~^^^[0m
[31m[1m[error]  :[0m[31m IndexError: list index out of range[0m

(TaskException(...), '[abduce-binsec:run] nzr+top-level+unreachable in 0.4672701358795166 seconds')

------------------------------------------------------------
run example.dir/example.abduce-run.bash
executed in 0.07740497589111328 s
[32m[result] :[0m execution statistics:[0m
[32m[result] :[0m   core counters:[0m
[32m[result] :[0m     number of solutions:          0[0m
[32m[result] :[0m     number of unsolutions:        0[0m
[32m[result] :[0m     number of examples:           0[0m
[32m[result] :[0m     number of counter-examples:   0[0m
[32m[result] :[0m     number of necessary literals: 0[0m
[32m[result] :[0m [0m
[32m[result] :[0m   oracles:[0m
[32m[result] :[0m     binsec:[0m
[32m[result] :[0m       * binsec calls:    1[0m
[32m[result] :[0m       * binsec timeouts: 0[0m
[32m[result] :[0m       * binsec crashes:  0[0m
[32m[result] :[0m       * binsec times:    [][0m
[32m[result] :[0m [0m
[32m[result] :[0m   candidates generation:[0m
[32m[result] :[0m     number of restarts:     0[0m
[32m[result] :[0m     number of variables:    0[0m
[32m[result] :[0m     number of literals:     0[0m
[32m[result] :[0m     evaluated candidates:   0[0m
[32m[result] :[0m     considered candidates:  0[0m
[32m[result] :[0m     pruned candidates:      0[0m
[32m[result] :[0m [0m
[32m[result] :[0m   timers:[0m
[32m[result] :[0m     solution:[0m
[32m[result] :[0m       * first solution: 0[0m
[32m[result] :[0m       * last  solution: 0[0m
[32m[result] :[0m     unsolution:[0m
[32m[result] :[0m       * first unsolution: 0[0m
[32m[result] :[0m       * last  unsolution: 0[0m
[32m[result] :[0m     counterex:[0m
[32m[result] :[0m       * first counterex: 0[0m
[32m[result] :[0m       * last  counterex: 0[0m
[32m[result] :[0m     example:[0m
[32m[result] :[0m       * first example: 0[0m
[32m[result] :[0m       * last  example: 0[0m
[32m[result] :[0m     necessaryc:[0m
[32m[result] :[0m       * first necessaryc: 0[0m
[32m[result] :[0m       * last  necessaryc: 0[0m
[35m[1m[fatal]  :[0m[35m top-level exception recovery[0m
[31m[1m[error]  :[0m[31m Traceback (most recent call last):[0m
[31m[1m[error]  :[0m[31m   File "/home/nicol/Documentos/M2-Cyber/RESEARCH/VM/tools-paper/venv/bin/pyabduce", line 28, in main[0m
[31m[1m[error]  :[0m[31m     solver.solve()[0m
[31m[1m[error]  :[0m[31m   File "/home/nicol/Documentos/M2-Cyber/RESEARCH/VM/tools-paper/venv/lib/python3.12/site-packages/pyabduction/solver.py", line 52, in solve[0m
[31m[1m[error]  :[0m[31m     self.get_initital_examples()[0m
[31m[1m[error]  :[0m[31m   File "/home/nicol/Documentos/M2-Cyber/RESEARCH/VM/tools-paper/venv/lib/python3.12/site-packages/pyabduction/solver.py", line 39, in get_initital_examples[0m
[31m[1m[error]  :[0m[31m     vmodel = self.get_vulnerability_model(self.engine.examples)[0m
[31m[1m[error]  :[0m[31m              ^^^^^^^^^^^^^^^^^^^^^^^^^^^^^^^^^^^^^^^^^^^^^^^^^^[0m
[31m[1m[error]  :[0m[31m   File "/home/nicol/Documentos/M2-Cyber/RESEARCH/VM/tools-paper/venv/lib/python3.12/site-packages/pyabduction/solver.py", line 34, in get_vulnerability_model[0m
[31m[1m[error]  :[0m[31m     return self.checkers.check_vulnerability([], vset)[1][0m
[31m[1m[error]  :[0m[31m            ^^^^^^^^^^^^^^^^^^^^^^^^^^^^^^^^^^^^^^^^^^^[0m
[31m[1m[error]  :[0m[31m   File "/home/nicol/Documentos/M2-Cyber/RESEARCH/VM/tools-paper/venv/lib/python3.12/site-packages/pyabduction/binsec.py", line 428, in check_vulnerability[0m
[31m[1m[error]  :[0m[31m     return self._check_dgoal_reachable_util(candidate, reject, complete)[0m
[31m[1m[error]  :[0m[31m            ^^^^^^^^^^^^^^^^^^^^^^^^^^^^^^^^^^^^^^^^^^^^^^^^^^^^^^^^^^^^^[0m
[31m[1m[error]  :[0m[31m   File "/home/nicol/Documentos/M2-Cyber/RESEARCH/VM/tools-paper/venv/lib/python3.12/site-packages/pyabduction/binsec.py", line 436, in _check_dgoal_reachable_util[0m
[31m[1m[error]  :[0m[31m     parser = self._run_binsec_command(candidate, directives)[0m
[31m[1m[error]  :[0m[31m              ^^^^^^^^^^^^^^^^^^^^^^^^^^^^^^^^^^^^^^^^^^^^^^^[0m
[31m[1m[error]  :[0m[31m   File "/home/nicol/Documentos/M2-Cyber/RESEARCH/VM/tools-paper/venv/lib/python3.12/site-packages/pyabduction/binsec.py", line 482, in _run_binsec_command[0m
[31m[1m[error]  :[0m[31m     rc, to, out, err = execute_command(command, self.log, timeout=self.args.binsec_timeout)[0m
[31m[1m[error]  :[0m[31m                        ^^^^^^^^^^^^^^^^^^^^^^^^^^^^^^^^^^^^^^^^^^^^^^^^^^^^^^^^^^^^^^^^^^^^[0m
[31m[1m[error]  :[0m[31m   File "/home/nicol/Documentos/M2-Cyber/RESEARCH/VM/tools-paper/venv/lib/python3.12/site-packages/pyabduction/binsec.py", line 140, in execute_command[0m
[31m[1m[error]  :[0m[31m     proc = Popen(cmd, stdout=PIPE, stderr=STDOUT, stdin=(PIPE if stdin is not None else None))[0m
[31m[1m[error]  :[0m[31m            ^^^^^^^^^^^^^^^^^^^^^^^^^^^^^^^^^^^^^^^^^^^^^^^^^^^^^^^^^^^^^^^^^^^^^^^^^^^^^^^^^^^[0m
[31m[1m[error]  :[0m[31m   File "/usr/lib/python3.12/subprocess.py", line 1026, in __init__[0m
[31m[1m[error]  :[0m[31m     self._execute_child(args, executable, preexec_fn, close_fds,[0m
[31m[1m[error]  :[0m[31m   File "/usr/lib/python3.12/subprocess.py", line 1955, in _execute_child[0m
[31m[1m[error]  :[0m[31m     raise child_exception_type(errno_num, err_msg, err_filename)[0m
[31m[1m[error]  :[0m[31m FileNotFoundError: [Errno 2] No such file or directory: 'binsec'[0m

(TaskException(...), '[abduce-binsec:run] nzr+top-level in 0.07740497589111328 seconds')

------------------------------------------------------------
run example.dir/example.abduce-run.bash
executed in 0.05870175361633301 s
[32m[result] :[0m execution statistics:[0m
[32m[result] :[0m   core counters:[0m
[32m[result] :[0m     number of solutions:          0[0m
[32m[result] :[0m     number of unsolutions:        0[0m
[32m[result] :[0m     number of examples:           0[0m
[32m[result] :[0m     number of counter-examples:   0[0m
[32m[result] :[0m     number of necessary literals: 0[0m
[32m[result] :[0m [0m
[32m[result] :[0m   oracles:[0m
[32m[result] :[0m     binsec:[0m
[32m[result] :[0m       * binsec calls:    1[0m
[32m[result] :[0m       * binsec timeouts: 0[0m
[32m[result] :[0m       * binsec crashes:  0[0m
[32m[result] :[0m       * binsec times:    [][0m
[32m[result] :[0m [0m
[32m[result] :[0m   candidates generation:[0m
[32m[result] :[0m     number of restarts:     0[0m
[32m[result] :[0m     number of variables:    0[0m
[32m[result] :[0m     number of literals:     0[0m
[32m[result] :[0m     evaluated candidates:   0[0m
[32m[result] :[0m     considered candidates:  0[0m
[32m[result] :[0m     pruned candidates:      0[0m
[32m[result] :[0m [0m
[32m[result] :[0m   timers:[0m
[32m[result] :[0m     solution:[0m
[32m[result] :[0m       * first solution: 0[0m
[32m[result] :[0m       * last  solution: 0[0m
[32m[result] :[0m     unsolution:[0m
[32m[result] :[0m       * first unsolution: 0[0m
[32m[result] :[0m       * last  unsolution: 0[0m
[32m[result] :[0m     counterex:[0m
[32m[result] :[0m       * first counterex: 0[0m
[32m[result] :[0m       * last  counterex: 0[0m
[32m[result] :[0m     example:[0m
[32m[result] :[0m       * first example: 0[0m
[32m[result] :[0m       * last  example: 0[0m
[32m[result] :[0m     necessaryc:[0m
[32m[result] :[0m       * first necessaryc: 0[0m
[32m[result] :[0m       * last  necessaryc: 0[0m
[35m[1m[fatal]  :[0m[35m top-level exception recovery[0m
[31m[1m[error]  :[0m[31m Traceback (most recent call last):[0m
[31m[1m[error]  :[0m[31m   File "/home/nicol/Documentos/M2-Cyber/RESEARCH/VM/tools-paper/venv/bin/pyabduce", line 28, in main[0m
[31m[1m[error]  :[0m[31m     solver.solve()[0m
[31m[1m[error]  :[0m[31m   File "/home/nicol/Documentos/M2-Cyber/RESEARCH/VM/tools-paper/venv/lib/python3.12/site-packages/pyabduction/solver.py", line 52, in solve[0m
[31m[1m[error]  :[0m[31m     self.get_initital_examples()[0m
[31m[1m[error]  :[0m[31m   File "/home/nicol/Documentos/M2-Cyber/RESEARCH/VM/tools-paper/venv/lib/python3.12/site-packages/pyabduction/solver.py", line 39, in get_initital_examples[0m
[31m[1m[error]  :[0m[31m     vmodel = self.get_vulnerability_model(self.engine.examples)[0m
[31m[1m[error]  :[0m[31m              ^^^^^^^^^^^^^^^^^^^^^^^^^^^^^^^^^^^^^^^^^^^^^^^^^^[0m
[31m[1m[error]  :[0m[31m   File "/home/nicol/Documentos/M2-Cyber/RESEARCH/VM/tools-paper/venv/lib/python3.12/site-packages/pyabduction/solver.py", line 34, in get_vulnerability_model[0m
[31m[1m[error]  :[0m[31m     return self.checkers.check_vulnerability([], vset)[1][0m
[31m[1m[error]  :[0m[31m            ^^^^^^^^^^^^^^^^^^^^^^^^^^^^^^^^^^^^^^^^^^^[0m
[31m[1m[error]  :[0m[31m   File "/home/nicol/Documentos/M2-Cyber/RESEARCH/VM/tools-paper/venv/lib/python3.12/site-packages/pyabduction/binsec.py", line 428, in check_vulnerability[0m
[31m[1m[error]  :[0m[31m     return self._check_dgoal_reachable_util(candidate, reject, complete)[0m
[31m[1m[error]  :[0m[31m            ^^^^^^^^^^^^^^^^^^^^^^^^^^^^^^^^^^^^^^^^^^^^^^^^^^^^^^^^^^^^^[0m
[31m[1m[error]  :[0m[31m   File "/home/nicol/Documentos/M2-Cyber/RESEARCH/VM/tools-paper/venv/lib/python3.12/site-packages/pyabduction/binsec.py", line 436, in _check_dgoal_reachable_util[0m
[31m[1m[error]  :[0m[31m     parser = self._run_binsec_command(candidate, directives)[0m
[31m[1m[error]  :[0m[31m              ^^^^^^^^^^^^^^^^^^^^^^^^^^^^^^^^^^^^^^^^^^^^^^^[0m
[31m[1m[error]  :[0m[31m   File "/home/nicol/Documentos/M2-Cyber/RESEARCH/VM/tools-paper/venv/lib/python3.12/site-packages/pyabduction/binsec.py", line 482, in _run_binsec_command[0m
[31m[1m[error]  :[0m[31m     rc, to, out, err = execute_command(command, self.log, timeout=self.args.binsec_timeout)[0m
[31m[1m[error]  :[0m[31m                        ^^^^^^^^^^^^^^^^^^^^^^^^^^^^^^^^^^^^^^^^^^^^^^^^^^^^^^^^^^^^^^^^^^^^[0m
[31m[1m[error]  :[0m[31m   File "/home/nicol/Documentos/M2-Cyber/RESEARCH/VM/tools-paper/venv/lib/python3.12/site-packages/pyabduction/binsec.py", line 140, in execute_command[0m
[31m[1m[error]  :[0m[31m     proc = Popen(cmd, stdout=PIPE, stderr=STDOUT, stdin=(PIPE if stdin is not None else None))[0m
[31m[1m[error]  :[0m[31m            ^^^^^^^^^^^^^^^^^^^^^^^^^^^^^^^^^^^^^^^^^^^^^^^^^^^^^^^^^^^^^^^^^^^^^^^^^^^^^^^^^^^[0m
[31m[1m[error]  :[0m[31m   File "/usr/lib/python3.12/subprocess.py", line 1026, in __init__[0m
[31m[1m[error]  :[0m[31m     self._execute_child(args, executable, preexec_fn, close_fds,[0m
[31m[1m[error]  :[0m[31m   File "/usr/lib/python3.12/subprocess.py", line 1955, in _execute_child[0m
[31m[1m[error]  :[0m[31m     raise child_exception_type(errno_num, err_msg, err_filename)[0m
[31m[1m[error]  :[0m[31m FileNotFoundError: [Errno 2] No such file or directory: 'binsec'[0m

(TaskException(...), '[abduce-binsec:run] nzr+top-level in 0.05870175361633301 seconds')

------------------------------------------------------------
run example.dir/example.abduce-run.bash ----with-inequalities ----max-depth=2
executed in 0.0558624267578125 s
usage: pyabduce [-h] [-d] [--no-color] [--no-progress] [--no-stats]
                [--binsec-config <binsec.conf>] [--binsec-memory <binsec.mem>]
                [--binsec-directives <directives>] [--binsec-binary <binary>]
                [--binsec-addr <addr>] [--binsec-model-via-smt]
                [--binsec-config-logdir <directory>] [--binsec-delete-configs]
                [--binsec-timeout <seconds>] [--solver-timeout <seconds>]
                [--binsec-robust] [--robust-config <robust.conf>]
                [--literals <grammar>] [--max-depth <int>] [--sat-via-smt]
                [--consequence-checks-mode <mode>]
                [--vexamples-init-count <int>] [--no-constant-detection]
                [--no-core-literals] [--separate-bytes] [--separate-bits]
                [--with-inequalities] [--without-disequalities]
                [--with-auto-constants] [--no-variables-binop]
                [--input-variables-only] [--no-literal-ordering]
                [--no-prune-counterex] [--no-prune-necessary]
                [--force-on-model-resorting]
pyabduce: error: unrecognized arguments: ----with-inequalities ----max-depth=2

(TaskException(...), '[abduce-binsec:run] nzr in 0.0558624267578125 seconds')

------------------------------------------------------------
run example.dir/example.abduce-run.bash --with-inequalities --max-depth=2
executed in 0.06462526321411133 s
[33m[1m[warning]:[0m[33m command failed[0m
[33m[1m[warning]:[0m[33m could not recover as many vulnerability models as requested (0 only)[0m
[32m[result] :[0m execution statistics:[0m
[32m[result] :[0m   core counters:[0m
[32m[result] :[0m     number of solutions:          0[0m
[32m[result] :[0m     number of unsolutions:        0[0m
[32m[result] :[0m     number of examples:           0[0m
[32m[result] :[0m     number of counter-examples:   0[0m
[32m[result] :[0m     number of necessary literals: 0[0m
[32m[result] :[0m [0m
[32m[result] :[0m   oracles:[0m
[32m[result] :[0m     binsec:[0m
[32m[result] :[0m       * binsec calls:    1[0m
[32m[result] :[0m       * binsec timeouts: 0[0m
[32m[result] :[0m       * binsec crashes:  1[0m
[32m[result] :[0m       * binsec times:    [][0m
[32m[result] :[0m [0m
[32m[result] :[0m   candidates generation:[0m
[32m[result] :[0m     number of restarts:     0[0m
[32m[result] :[0m     number of variables:    0[0m
[32m[result] :[0m     number of literals:     0[0m
[32m[result] :[0m     evaluated candidates:   0[0m
[32m[result] :[0m     considered candidates:  0[0m
[32m[result] :[0m     pruned candidates:      0[0m
[32m[result] :[0m [0m
[32m[result] :[0m   timers:[0m
[32m[result] :[0m     solution:[0m
[32m[result] :[0m       * first solution: 0[0m
[32m[result] :[0m       * last  solution: 0[0m
[32m[result] :[0m     unsolution:[0m
[32m[result] :[0m       * first unsolution: 0[0m
[32m[result] :[0m       * last  unsolution: 0[0m
[32m[result] :[0m     counterex:[0m
[32m[result] :[0m       * first counterex: 0[0m
[32m[result] :[0m       * last  counterex: 0[0m
[32m[result] :[0m     example:[0m
[32m[result] :[0m       * first example: 0[0m
[32m[result] :[0m       * last  example: 0[0m
[32m[result] :[0m     necessaryc:[0m
[32m[result] :[0m       * first necessaryc: 0[0m
[32m[result] :[0m       * last  necessaryc: 0[0m
[35m[1m[fatal]  :[0m[35m top-level exception recovery[0m
[31m[1m[error]  :[0m[31m Traceback (most recent call last):[0m
[31m[1m[error]  :[0m[31m   File "/home/nicol/Documentos/M2-Cyber/RESEARCH/VM/tools-paper/venv/bin/pyabduce", line 28, in main[0m
[31m[1m[error]  :[0m[31m     solver.solve()[0m
[31m[1m[error]  :[0m[31m   File "/home/nicol/Documentos/M2-Cyber/RESEARCH/VM/tools-paper/venv/lib/python3.12/site-packages/pyabduction/solver.py", line 54, in solve[0m
[31m[1m[error]  :[0m[31m     self.recover_necessary_constants()[0m
[31m[1m[error]  :[0m[31m   File "/home/nicol/Documentos/M2-Cyber/RESEARCH/VM/tools-paper/venv/lib/python3.12/site-packages/pyabduction/solver.py", line 48, in recover_necessary_constants[0m
[31m[1m[error]  :[0m[31m     self.engine.recover_necessary_constants()[0m
[31m[1m[error]  :[0m[31m   File "/home/nicol/Documentos/M2-Cyber/RESEARCH/VM/tools-paper/venv/lib/python3.12/site-packages/pyabduction/engine.py", line 97, in recover_necessary_constants[0m
[31m[1m[error]  :[0m[31m     emodel = self.get_example()[0m
[31m[1m[error]  :[0m[31m              ^^^^^^^^^^^^^^^^^^[0m
[31m[1m[error]  :[0m[31m   File "/home/nicol/Documentos/M2-Cyber/RESEARCH/VM/tools-paper/venv/lib/python3.12/site-packages/pyabduction/engine.py", line 55, in get_example[0m
[31m[1m[error]  :[0m[31m     return self.examples.get_any()[0m
[31m[1m[error]  :[0m[31m            ^^^^^^^^^^^^^^^^^^^^^^^[0m
[31m[1m[error]  :[0m[31m   File "/home/nicol/Documentos/M2-Cyber/RESEARCH/VM/tools-paper/venv/lib/python3.12/site-packages/pyabduction/model.py", line 17, in get_any[0m
[31m[1m[error]  :[0m[31m     return self.models[0][0m
[31m[1m[error]  :[0m[31m            ~~~~~~~~~~~^^^[0m
[31m[1m[error]  :[0m[31m IndexError: list index out of range[0m

(TaskException(...), '[abduce-binsec:run] binsec-failure+nzr+top-level+unreachable in 0.06462526321411133 seconds')

------------------------------------------------------------
compiling example.c -> example.dir/example.run.bash
found func def for __VERIFIER_error
found func decl for __VERIFIER_error
found func decl for __VERIFIER_nondet_int
falg func reach_error for deletion
flag external id 2 for deletion
found func def for fun
found func decl for fun
found func def for a
found func def for b
replace funcid main with c2bc_main
found func def for c2bc_main
found func decl for c2bc_main
found func def for a
found func def for b
delete external id 2
add stub dependency c2bc_assert_fail (from reach_error)
add stub dependency c2bc_abort (from main)
add stub dependency c2bc_assert_fail (from reach_error)
add stub dependency c2bc_abort (from main)
add stub dependency c2bc_abort (from __VERIFIER_nondet_int)
add stub dependency c2bc_assert_fail (from reach_error)
add stub dependency c2bc_abort (from main)
add stub dependency c2bc_abort (from __VERIFIER_nondet_int)
run gcc -O1 -static -m32 -no-pie -fno-pic -fno-stack-protector -Werror -Wno-pointer-compare -Wno-aggressive-loop-optimizations -Wno-vla-larger-than -Wno-overflow -Wno-incompatible-pointer-types -Wno-int-conversion -Wno-format-security -o example.dir/example.bin example.dir/example.stub.raw.c example.dir/example.uc.raw.c -lm
run objdump -D example.dir/example.bin
trying symbol table supplementation
run objdump -t example.dir/example.bin
'align'

------------------------------------------------------------
compiling example.c -> example.dir/example.run.bash
found func def for __VERIFIER_error
found func decl for __VERIFIER_error
found func decl for __VERIFIER_nondet_int
falg func reach_error for deletion
flag external id 2 for deletion
found func def for fun
found func decl for fun
found func def for a
found func def for b
replace funcid main with c2bc_main
found func def for c2bc_main
found func decl for c2bc_main
found func def for a
found func def for b
delete external id 2
add stub dependency c2bc_assert_fail (from reach_error)
add stub dependency c2bc_abort (from main)
add stub dependency c2bc_assert_fail (from reach_error)
add stub dependency c2bc_abort (from main)
add stub dependency c2bc_abort (from __VERIFIER_nondet_int)
add stub dependency c2bc_assert_fail (from reach_error)
add stub dependency c2bc_abort (from main)
add stub dependency c2bc_abort (from __VERIFIER_nondet_int)
run gcc -O1 -static -m32 -no-pie -fno-pic -fno-stack-protector -Werror -Wno-pointer-compare -Wno-aggressive-loop-optimizations -Wno-vla-larger-than -Wno-overflow -Wno-incompatible-pointer-types -Wno-int-conversion -Wno-format-security -o example.dir/example.bin example.dir/example.stub.raw.c example.dir/example.uc.raw.c -lm
run objdump -D example.dir/example.bin
trying symbol table supplementation
run objdump -t example.dir/example.bin
no main cut found

------------------------------------------------------------
run example.dir/example.abduce-run.bash
executed in 0.0023005008697509766 s
example.dir/example.abduce-run.bash: line 2: exec: pyabduce: not found

(TaskException(...), '[abduce-binsec:run] nzr in 0.0023005008697509766 seconds')

------------------------------------------------------------
compiling example.c -> example.dir/example.run.bash
found func def for __VERIFIER_error
found func decl for __VERIFIER_error
found func decl for __VERIFIER_nondet_int
falg func reach_error for deletion
flag external id 2 for deletion
found func def for fun
found func decl for fun
found func def for a
found func def for b
replace funcid main with c2bc_main
found func def for c2bc_main
found func decl for c2bc_main
found func def for a
found func def for b
delete external id 2
add stub dependency c2bc_assert_fail (from reach_error)
add stub dependency c2bc_abort (from main)
add stub dependency c2bc_assert_fail (from reach_error)
add stub dependency c2bc_abort (from main)
add stub dependency c2bc_abort (from __VERIFIER_nondet_int)
add stub dependency c2bc_assert_fail (from reach_error)
add stub dependency c2bc_abort (from main)
add stub dependency c2bc_abort (from __VERIFIER_nondet_int)
run gcc -O1 -static -m32 -no-pie -fno-pic -fno-stack-protector -Werror -Wno-pointer-compare -Wno-aggressive-loop-optimizations -Wno-vla-larger-than -Wno-overflow -Wno-incompatible-pointer-types -Wno-int-conversion -Wno-format-security -o example.dir/example.bin example.dir/example.stub.raw.c example.dir/example.uc.raw.c -lm
run objdump -D example.dir/example.bin
trying symbol table supplementation
run objdump -t example.dir/example.bin
run binsec -disasm -disasm-functions c2bc_main -disasm-o-dba example.dir/example.dba -file example.dir/example.bin
missing ), unterminated subpattern at position 40

------------------------------------------------------------
compiling example.c -> example.dir/example.run.bash
found func def for __VERIFIER_error
found func decl for __VERIFIER_error
found func decl for __VERIFIER_nondet_int
falg func reach_error for deletion
flag external id 2 for deletion
found func def for fun
found func decl for fun
found func def for a
found func def for b
replace funcid main with c2bc_main
found func def for c2bc_main
found func decl for c2bc_main
found func def for a
found func def for b
delete external id 2
add stub dependency c2bc_abort (from main)
add stub dependency c2bc_assert_fail (from reach_error)
add stub dependency c2bc_abort (from main)
add stub dependency c2bc_abort (from __VERIFIER_nondet_int)
add stub dependency c2bc_assert_fail (from reach_error)
add stub dependency c2bc_abort (from main)
add stub dependency c2bc_abort (from __VERIFIER_nondet_int)
add stub dependency c2bc_assert_fail (from reach_error)
run gcc -O1 -static -m32 -no-pie -fno-pic -fno-stack-protector -Werror -Wno-pointer-compare -Wno-aggressive-loop-optimizations -Wno-vla-larger-than -Wno-overflow -Wno-incompatible-pointer-types -Wno-int-conversion -Wno-format-security -o example.dir/example.bin example.dir/example.stub.raw.c example.dir/example.uc.raw.c -lm
run objdump -D example.dir/example.bin
trying symbol table supplementation
run objdump -t example.dir/example.bin
run binsec -disasm -disasm-functions c2bc_main -disasm-o-dba example.dir/example.dba -file example.dir/example.bin
missing ), unterminated subpattern at position 40

------------------------------------------------------------
run example.dir/example.abduce-run.bash
executed in 0.11221480369567871 s
[33m[1m[warning]:[0m[33m command failed[0m
[33m[1m[warning]:[0m[33m could not recover as many vulnerability models as requested (0 only)[0m
[32m[result] :[0m execution statistics:[0m
[32m[result] :[0m   core counters:[0m
[32m[result] :[0m     number of solutions:          0[0m
[32m[result] :[0m     number of unsolutions:        0[0m
[32m[result] :[0m     number of examples:           0[0m
[32m[result] :[0m     number of counter-examples:   0[0m
[32m[result] :[0m     number of necessary literals: 0[0m
[32m[result] :[0m [0m
[32m[result] :[0m   oracles:[0m
[32m[result] :[0m     binsec:[0m
[32m[result] :[0m       * binsec calls:    1[0m
[32m[result] :[0m       * binsec timeouts: 0[0m
[32m[result] :[0m       * binsec crashes:  1[0m
[32m[result] :[0m       * binsec times:    [][0m
[32m[result] :[0m [0m
[32m[result] :[0m   candidates generation:[0m
[32m[result] :[0m     number of restarts:     0[0m
[32m[result] :[0m     number of variables:    0[0m
[32m[result] :[0m     number of literals:     0[0m
[32m[result] :[0m     evaluated candidates:   0[0m
[32m[result] :[0m     considered candidates:  0[0m
[32m[result] :[0m     pruned candidates:      0[0m
[32m[result] :[0m [0m
[32m[result] :[0m   timers:[0m
[32m[result] :[0m     solution:[0m
[32m[result] :[0m       * first solution: 0[0m
[32m[result] :[0m       * last  solution: 0[0m
[32m[result] :[0m     unsolution:[0m
[32m[result] :[0m       * first unsolution: 0[0m
[32m[result] :[0m       * last  unsolution: 0[0m
[32m[result] :[0m     counterex:[0m
[32m[result] :[0m       * first counterex: 0[0m
[32m[result] :[0m       * last  counterex: 0[0m
[32m[result] :[0m     example:[0m
[32m[result] :[0m       * first example: 0[0m
[32m[result] :[0m       * last  example: 0[0m
[32m[result] :[0m     necessaryc:[0m
[32m[result] :[0m       * first necessaryc: 0[0m
[32m[result] :[0m       * last  necessaryc: 0[0m
[35m[1m[fatal]  :[0m[35m top-level exception recovery[0m
[31m[1m[error]  :[0m[31m Traceback (most recent call last):[0m
[31m[1m[error]  :[0m[31m   File "/home/nicol/Documentos/M2-Cyber/RESEARCH/VM/tools-paper/venv/bin/pyabduce", line 28, in main[0m
[31m[1m[error]  :[0m[31m     solver.solve()[0m
[31m[1m[error]  :[0m[31m   File "/home/nicol/Documentos/M2-Cyber/RESEARCH/VM/tools-paper/tools/pyabduce/pyabduction/solver.py", line 54, in solve[0m
[31m[1m[error]  :[0m[31m     self.recover_necessary_constants()[0m
[31m[1m[error]  :[0m[31m   File "/home/nicol/Documentos/M2-Cyber/RESEARCH/VM/tools-paper/tools/pyabduce/pyabduction/solver.py", line 48, in recover_necessary_constants[0m
[31m[1m[error]  :[0m[31m     self.engine.recover_necessary_constants()[0m
[31m[1m[error]  :[0m[31m   File "/home/nicol/Documentos/M2-Cyber/RESEARCH/VM/tools-paper/tools/pyabduce/pyabduction/engine.py", line 97, in recover_necessary_constants[0m
[31m[1m[error]  :[0m[31m     emodel = self.get_example()[0m
[31m[1m[error]  :[0m[31m              ^^^^^^^^^^^^^^^^^^[0m
[31m[1m[error]  :[0m[31m   File "/home/nicol/Documentos/M2-Cyber/RESEARCH/VM/tools-paper/tools/pyabduce/pyabduction/engine.py", line 55, in get_example[0m
[31m[1m[error]  :[0m[31m     return self.examples.get_any()[0m
[31m[1m[error]  :[0m[31m            ^^^^^^^^^^^^^^^^^^^^^^^[0m
[31m[1m[error]  :[0m[31m   File "/home/nicol/Documentos/M2-Cyber/RESEARCH/VM/tools-paper/tools/pyabduce/pyabduction/model.py", line 17, in get_any[0m
[31m[1m[error]  :[0m[31m     return self.models[0][0m
[31m[1m[error]  :[0m[31m            ~~~~~~~~~~~^^^[0m
[31m[1m[error]  :[0m[31m IndexError: list index out of range[0m

(TaskException(...), '[abduce-binsec:run] binsec-failure+nzr+top-level+unreachable in 0.11221480369567871 seconds')

------------------------------------------------------------
run example.dir/example.abduce-run.bash
executed in 0.11440110206604004 s
[33m[1m[warning]:[0m[33m command failed[0m
[33m[1m[warning]:[0m[33m could not recover as many vulnerability models as requested (0 only)[0m
[32m[result] :[0m execution statistics:[0m
[32m[result] :[0m   core counters:[0m
[32m[result] :[0m     number of solutions:          0[0m
[32m[result] :[0m     number of unsolutions:        0[0m
[32m[result] :[0m     number of examples:           0[0m
[32m[result] :[0m     number of counter-examples:   0[0m
[32m[result] :[0m     number of necessary literals: 0[0m
[32m[result] :[0m [0m
[32m[result] :[0m   oracles:[0m
[32m[result] :[0m     binsec:[0m
[32m[result] :[0m       * binsec calls:    1[0m
[32m[result] :[0m       * binsec timeouts: 0[0m
[32m[result] :[0m       * binsec crashes:  1[0m
[32m[result] :[0m       * binsec times:    [][0m
[32m[result] :[0m [0m
[32m[result] :[0m   candidates generation:[0m
[32m[result] :[0m     number of restarts:     0[0m
[32m[result] :[0m     number of variables:    0[0m
[32m[result] :[0m     number of literals:     0[0m
[32m[result] :[0m     evaluated candidates:   0[0m
[32m[result] :[0m     considered candidates:  0[0m
[32m[result] :[0m     pruned candidates:      0[0m
[32m[result] :[0m [0m
[32m[result] :[0m   timers:[0m
[32m[result] :[0m     solution:[0m
[32m[result] :[0m       * first solution: 0[0m
[32m[result] :[0m       * last  solution: 0[0m
[32m[result] :[0m     unsolution:[0m
[32m[result] :[0m       * first unsolution: 0[0m
[32m[result] :[0m       * last  unsolution: 0[0m
[32m[result] :[0m     counterex:[0m
[32m[result] :[0m       * first counterex: 0[0m
[32m[result] :[0m       * last  counterex: 0[0m
[32m[result] :[0m     example:[0m
[32m[result] :[0m       * first example: 0[0m
[32m[result] :[0m       * last  example: 0[0m
[32m[result] :[0m     necessaryc:[0m
[32m[result] :[0m       * first necessaryc: 0[0m
[32m[result] :[0m       * last  necessaryc: 0[0m
[35m[1m[fatal]  :[0m[35m top-level exception recovery[0m
[31m[1m[error]  :[0m[31m Traceback (most recent call last):[0m
[31m[1m[error]  :[0m[31m   File "/home/nicol/Documentos/M2-Cyber/RESEARCH/VM/tools-paper/venv/bin/pyabduce", line 28, in main[0m
[31m[1m[error]  :[0m[31m     solver.solve()[0m
[31m[1m[error]  :[0m[31m   File "/home/nicol/Documentos/M2-Cyber/RESEARCH/VM/tools-paper/tools/pyabduce/pyabduction/solver.py", line 54, in solve[0m
[31m[1m[error]  :[0m[31m     self.recover_necessary_constants()[0m
[31m[1m[error]  :[0m[31m   File "/home/nicol/Documentos/M2-Cyber/RESEARCH/VM/tools-paper/tools/pyabduce/pyabduction/solver.py", line 48, in recover_necessary_constants[0m
[31m[1m[error]  :[0m[31m     self.engine.recover_necessary_constants()[0m
[31m[1m[error]  :[0m[31m   File "/home/nicol/Documentos/M2-Cyber/RESEARCH/VM/tools-paper/tools/pyabduce/pyabduction/engine.py", line 97, in recover_necessary_constants[0m
[31m[1m[error]  :[0m[31m     if len(self.examples) == 0:[0m
[31m[1m[error]  :[0m[31m        ^^^^^^^^^^^^^^^^^^[0m
[31m[1m[error]  :[0m[31m TypeError: object of type 'ModelTable' has no len()[0m

(TaskException(...), '[abduce-binsec:run] binsec-failure+nzr+top-level+unreachable in 0.11440110206604004 seconds')

------------------------------------------------------------
compiling example.c -> example.dir/example.run.bash
found func def for __VERIFIER_error
found func decl for __VERIFIER_error
found func decl for __VERIFIER_nondet_int
falg func reach_error for deletion
flag external id 2 for deletion
found func def for fun
found func decl for fun
found func def for a
found func def for b
replace funcid main with c2bc_main
found func def for c2bc_main
found func decl for c2bc_main
found func def for a
found func def for b
delete external id 2
add stub dependency c2bc_abort (from main)
add stub dependency c2bc_assert_fail (from reach_error)
add stub dependency c2bc_abort (from main)
add stub dependency c2bc_abort (from __VERIFIER_nondet_int)
add stub dependency c2bc_assert_fail (from reach_error)
add stub dependency c2bc_abort (from main)
add stub dependency c2bc_abort (from __VERIFIER_nondet_int)
add stub dependency c2bc_assert_fail (from reach_error)
run gcc -O1 -static -m32 -no-pie -fno-pic -fno-stack-protector -Werror -Wno-pointer-compare -Wno-aggressive-loop-optimizations -Wno-vla-larger-than -Wno-overflow -Wno-incompatible-pointer-types -Wno-int-conversion -Wno-format-security -o example.dir/example.bin example.dir/example.stub.raw.c example.dir/example.uc.raw.c -lm
run objdump -D example.dir/example.bin
trying symbol table supplementation
run objdump -t example.dir/example.bin
run binsec -disasm -disasm-functions c2bc_main -disasm-o-dba example.dir/example.dba -file example.dir/example.bin
[Errno 2] No such file or directory: 'binsec'

------------------------------------------------------------
compiling example.c -> example.dir/example.run.bash
found func def for __VERIFIER_error
found func decl for __VERIFIER_error
found func decl for __VERIFIER_nondet_int
falg func reach_error for deletion
flag external id 2 for deletion
found func def for fun
found func decl for fun
found func def for a
found func def for b
replace funcid main with c2bc_main
found func def for c2bc_main
found func decl for c2bc_main
found func def for a
found func def for b
delete external id 2
add stub dependency c2bc_assert_fail (from reach_error)
add stub dependency c2bc_abort (from main)
add stub dependency c2bc_abort (from __VERIFIER_nondet_int)
add stub dependency c2bc_abort (from main)
add stub dependency c2bc_assert_fail (from reach_error)
add stub dependency c2bc_abort (from __VERIFIER_nondet_int)
add stub dependency c2bc_abort (from main)
add stub dependency c2bc_assert_fail (from reach_error)
run gcc -O1 -static -m32 -no-pie -fno-pic -fno-stack-protector -Werror -Wno-pointer-compare -Wno-aggressive-loop-optimizations -Wno-vla-larger-than -Wno-overflow -Wno-incompatible-pointer-types -Wno-int-conversion -Wno-format-security -o example.dir/example.bin example.dir/example.stub.raw.c example.dir/example.uc.raw.c -lm
run objdump -D example.dir/example.bin
trying symbol table supplementation
run objdump -t example.dir/example.bin
run /home/nicol/Documentos/M2-Cyber/RESEARCH/binsec/_opam/bin/binsec -disasm -disasm-functions c2bc_main -disasm-o-dba example.dir/example.dba -file example.dir/example.bin
loading svcomp property file example.yml
found target property: unreach-call.prp
'BINSEC'

------------------------------------------------------------
run example.dir/example.abduce-run.bash
executed in 0.001984834671020508 s
example.dir/example.abduce-run.bash: line 2: exec: pyabduce: not found

(TaskException(...), '[abduce-binsec:run] nzr in 0.001984834671020508 seconds')

------------------------------------------------------------
run example.dir/example.abduce-run.bash
executed in 0.1728038787841797 s
[36m[info]   :[0m initialization vulnerability example: {}[0m
[36m[info]   :[0m no necessary constant detected[0m
[36m[info]   :[0m evaluating candidate: set()[0m
[32m[result] :[0m execution statistics:[0m
[32m[result] :[0m   core counters:[0m
[32m[result] :[0m     number of solutions:          0[0m
[32m[result] :[0m     number of unsolutions:        0[0m
[32m[result] :[0m     number of examples:           2[0m
[32m[result] :[0m     number of counter-examples:   0[0m
[32m[result] :[0m     number of necessary literals: 0[0m
[32m[result] :[0m [0m
[32m[result] :[0m   oracles:[0m
[32m[result] :[0m     binsec:[0m
[32m[result] :[0m       * binsec calls:    3[0m
[32m[result] :[0m       * binsec timeouts: 0[0m
[32m[result] :[0m       * binsec crashes:  0[0m
[32m[result] :[0m       * binsec times:    [0.04727911949157715, 0.050968170166015625][0m
[32m[result] :[0m [0m
[32m[result] :[0m   candidates generation:[0m
[32m[result] :[0m     number of restarts:     0[0m
[32m[result] :[0m     number of variables:    0[0m
[32m[result] :[0m     number of literals:     0[0m
[32m[result] :[0m     evaluated candidates:   1[0m
[32m[result] :[0m     considered candidates:  0[0m
[32m[result] :[0m     pruned candidates:      0[0m
[32m[result] :[0m [0m
[32m[result] :[0m   timers:[0m
[32m[result] :[0m     solution:[0m
[32m[result] :[0m       * first solution: 0[0m
[32m[result] :[0m       * last  solution: 0[0m
[32m[result] :[0m     unsolution:[0m
[32m[result] :[0m       * first unsolution: 0[0m
[32m[result] :[0m       * last  unsolution: 0[0m
[32m[result] :[0m     counterex:[0m
[32m[result] :[0m       * first counterex: 0[0m
[32m[result] :[0m       * last  counterex: 0[0m
[32m[result] :[0m     example:[0m
[32m[result] :[0m       * first example: 0.047817230224609375[0m
[32m[result] :[0m       * last  example: 0.09906816482543945[0m
[32m[result] :[0m     necessaryc:[0m
[32m[result] :[0m       * first necessaryc: 0[0m
[32m[result] :[0m       * last  necessaryc: 0[0m
[35m[1m[fatal]  :[0m[35m top-level exception recovery[0m
[31m[1m[error]  :[0m[31m Traceback (most recent call last):[0m
[31m[1m[error]  :[0m[31m   File "/home/nicol/Documentos/M2-Cyber/RESEARCH/VM/tools-paper/venv/bin/pyabduce", line 28, in main[0m
[31m[1m[error]  :[0m[31m     solver.solve()[0m
[31m[1m[error]  :[0m[31m   File "/home/nicol/Documentos/M2-Cyber/RESEARCH/VM/tools-paper/tools/pyabduce/pyabduction/solver.py", line 60, in solve[0m
[31m[1m[error]  :[0m[31m     gstatus, rstatus, gmodel, rmodel, gcore, rcore = self.check_goals(candidate)[0m
[31m[1m[error]  :[0m[31m                                                      ^^^^^^^^^^^^^^^^^^^^^^^^^^^[0m
[31m[1m[error]  :[0m[31m   File "/home/nicol/Documentos/M2-Cyber/RESEARCH/VM/tools-paper/tools/pyabduce/pyabduction/solver.py", line 19, in check_goals[0m
[31m[1m[error]  :[0m[31m     return self.checkers.check_goals(candidate)[0m
[31m[1m[error]  :[0m[31m            ^^^^^^^^^^^^^^^^^^^^^^^^^^^^^^^^^^^^[0m
[31m[1m[error]  :[0m[31m   File "/home/nicol/Documentos/M2-Cyber/RESEARCH/VM/tools-paper/tools/pyabduce/pyabduction/binsec.py", line 676, in check_goals[0m
[31m[1m[error]  :[0m[31m     status, model, gcore = self._check_ngoal_unreachable(candidate)[0m
[31m[1m[error]  :[0m[31m                            ^^^^^^^^^^^^^^^^^^^^^^^^^^^^^^^^^^^^^^^^[0m
[31m[1m[error]  :[0m[31m   File "/home/nicol/Documentos/M2-Cyber/RESEARCH/VM/tools-paper/tools/pyabduce/pyabduction/binsec.py", line 736, in _check_ngoal_unreachable[0m
[31m[1m[error]  :[0m[31m     parser = self._run_binsec_robust_command(candidate, directives, self.var_engine.get_controlled())[0m
[31m[1m[error]  :[0m[31m              ^^^^^^^^^^^^^^^^^^^^^^^^^^^^^^^^^^^^^^^^^^^^^^^^^^^^^^^^^^^^^^^^^^^^^^^^^^^^^^^^^^^^^^^^[0m
[31m[1m[error]  :[0m[31m   File "/home/nicol/Documentos/M2-Cyber/RESEARCH/VM/tools-paper/tools/pyabduce/pyabduction/binsec.py", line 715, in _run_binsec_robust_command[0m
[31m[1m[error]  :[0m[31m     rc, to, out, err = execute_command(command, self.log, timeout=self.args.binsec_timeout)[0m
[31m[1m[error]  :[0m[31m                        ^^^^^^^^^^^^^^^^^^^^^^^^^^^^^^^^^^^^^^^^^^^^^^^^^^^^^^^^^^^^^^^^^^^^[0m
[31m[1m[error]  :[0m[31m   File "/home/nicol/Documentos/M2-Cyber/RESEARCH/VM/tools-paper/tools/pyabduce/pyabduction/binsec.py", line 140, in execute_command[0m
[31m[1m[error]  :[0m[31m     proc = Popen(cmd, stdout=PIPE, stderr=STDOUT, stdin=(PIPE if stdin is not None else None))[0m
[31m[1m[error]  :[0m[31m            ^^^^^^^^^^^^^^^^^^^^^^^^^^^^^^^^^^^^^^^^^^^^^^^^^^^^^^^^^^^^^^^^^^^^^^^^^^^^^^^^^^^[0m
[31m[1m[error]  :[0m[31m   File "/usr/lib/python3.12/subprocess.py", line 1026, in __init__[0m
[31m[1m[error]  :[0m[31m     self._execute_child(args, executable, preexec_fn, close_fds,[0m
[31m[1m[error]  :[0m[31m   File "/usr/lib/python3.12/subprocess.py", line 1955, in _execute_child[0m
[31m[1m[error]  :[0m[31m     raise child_exception_type(errno_num, err_msg, err_filename)[0m
[31m[1m[error]  :[0m[31m FileNotFoundError: [Errno 2] No such file or directory: 'binsec'[0m

(TaskException(...), '[abduce-binsec:run] nzr+top-level in 0.1728038787841797 seconds')

------------------------------------------------------------
run example.dir/example.abduce-run.bash
executed in 0.9757063388824463 s
[36m[info]   :[0m initialization vulnerability example: {}[0m
[36m[info]   :[0m no necessary constant detected[0m
[36m[info]   :[0m evaluating candidate: set()[0m
[36m[info]   :[0m counter-example: {'from_file': '0x00000000', 'ctrlvar1': '0x00000000', 'ctrlvar0': '0x00000000', 'ebx': '0x00000000'}[0m
[36m[info]   :[0m restart vars->literal generation[0m
[36m[info]   :[0m evaluating candidate: {(0x0000000::0x1 = ctrlvar0<32>)}[0m
[33m[1m[warning]:[0m[33m command failed[0m
[33m[1m[warning]:[0m[33m binsec test returned neither model nor unreachable[0m
[33m[1m[warning]:[0m[33m command failed[0m
[36m[info]   :[0m evaluating candidate: {(0x0000000::0x1 = ebx<32>)}[0m
[33m[1m[warning]:[0m[33m command failed[0m
[33m[1m[warning]:[0m[33m binsec test returned neither model nor unreachable[0m
[33m[1m[warning]:[0m[33m command failed[0m
[36m[info]   :[0m evaluating candidate: {(0x0000000::0x1 = ctrlvar1<32>)}[0m
[33m[1m[warning]:[0m[33m command failed[0m
[33m[1m[warning]:[0m[33m binsec test returned neither model nor unreachable[0m
[33m[1m[warning]:[0m[33m command failed[0m
[36m[info]   :[0m evaluating candidate: {(0x0000000::0x1 = from_file<32>)}[0m
[33m[1m[warning]:[0m[33m command failed[0m
[33m[1m[warning]:[0m[33m binsec test returned neither model nor unreachable[0m
[33m[1m[warning]:[0m[33m command failed[0m
[36m[info]   :[0m evaluating candidate: {(ctrlvar0<32> <> ebx<32>)}[0m
[36m[info]   :[0m counter-example: {'from_file': '0x00000001', 'ctrlvar1': '0xffffffff', 'ctrlvar0': '0xfeffffff', 'ebx': '0xffffffff', '0x080b11ab': 'ff', '0x080b11aa': 'ff', '0x080b11a9': 'ff', '0x080b11a8': 'ff'}[0m
[36m[info]   :[0m evaluating candidate: {(ebx<32> <> ctrlvar1<32>)}[0m
[36m[info]   :[0m counter-example: {'from_file': '0x00000003', 'ctrlvar1': '0xc0000000', 'ctrlvar0': '0x400000ff', 'ebx': '0xffffffff', '0x080b11b3': '40', '0x080b11b2': '00', '0x080b11b1': '00', '0x080b11b0': '00', '0x080b11af': '40', '0x080b11ae': '00', '0x080b11ad': '00', '0x080b11ac': '00'}[0m
[36m[info]   :[0m restart vars->literal generation[0m
[32m[result] :[0m execution statistics:[0m
[32m[result] :[0m   core counters:[0m
[32m[result] :[0m     number of solutions:          0[0m
[32m[result] :[0m     number of unsolutions:        4[0m
[32m[result] :[0m     number of examples:           2[0m
[32m[result] :[0m     number of counter-examples:   3[0m
[32m[result] :[0m     number of necessary literals: 0[0m
[32m[result] :[0m [0m
[32m[result] :[0m   oracles:[0m
[32m[result] :[0m     binsec:[0m
[32m[result] :[0m       * binsec calls:    15[0m
[32m[result] :[0m       * binsec timeouts: 0[0m
[32m[result] :[0m       * binsec crashes:  8[0m
[32m[result] :[0m       * binsec times:    [0.04841732978820801, 0.05536007881164551, 0.0578765869140625, 0.06555008888244629, 0.05687689781188965, 0.06727051734924316, 0.05158042907714844][0m
[32m[result] :[0m     minibinsec:[0m
[32m[result] :[0m       * minibinsec calls:    872[0m
[32m[result] :[0m       * minibinsec timeouts: 0[0m
[32m[result] :[0m       * minibinsec crashes:  0[0m
[32m[result] :[0m       * minibinsec times:    [][0m
[32m[result] :[0m     binsec-unsat-consistent:[0m
[32m[result] :[0m       * binsec-unsat-consistent calls:    4[0m
[32m[result] :[0m       * binsec-unsat-consistent timeouts: 0[0m
[32m[result] :[0m       * binsec-unsat-consistent crashes:  0[0m
[32m[result] :[0m       * binsec-unsat-consistent times:    [][0m
[32m[result] :[0m [0m
[32m[result] :[0m   candidates generation:[0m
[32m[result] :[0m     number of restarts:     2[0m
[32m[result] :[0m     number of variables:    19[0m
[32m[result] :[0m     number of literals:     340[0m
[32m[result] :[0m     evaluated candidates:   7[0m
[32m[result] :[0m     considered candidates:  51[0m
[32m[result] :[0m     pruned candidates:      44[0m
[32m[result] :[0m       * counterex-pruned candidates: 44[0m
[32m[result] :[0m [0m
[32m[result] :[0m   timers:[0m
[32m[result] :[0m     solution:[0m
[32m[result] :[0m       * first solution: 0[0m
[32m[result] :[0m       * last  solution: 0[0m
[32m[result] :[0m     unsolution:[0m
[32m[result] :[0m       * first unsolution: 0.2746460437774658[0m
[32m[result] :[0m       * last  unsolution: 0.5796113014221191[0m
[32m[result] :[0m     counterex:[0m
[32m[result] :[0m       * first counterex: 0.16262054443359375[0m
[32m[result] :[0m       * last  counterex: 0.7748723030090332[0m
[32m[result] :[0m     example:[0m
[32m[result] :[0m       * first example: 0.04877948760986328[0m
[32m[result] :[0m       * last  example: 0.1044003963470459[0m
[32m[result] :[0m     necessaryc:[0m
[32m[result] :[0m       * first necessaryc: 0[0m
[32m[result] :[0m       * last  necessaryc: 0[0m
[35m[1m[fatal]  :[0m[35m top-level exception recovery[0m
[31m[1m[error]  :[0m[31m Traceback (most recent call last):[0m
[31m[1m[error]  :[0m[31m   File "/home/nicol/Documentos/M2-Cyber/RESEARCH/VM/tools-paper/venv/bin/pyabduce", line 28, in main[0m
[31m[1m[error]  :[0m[31m     solver.solve()[0m
[31m[1m[error]  :[0m[31m   File "/home/nicol/Documentos/M2-Cyber/RESEARCH/VM/tools-paper/tools/pyabduce/pyabduction/solver.py", line 55, in solve[0m
[31m[1m[error]  :[0m[31m     for candidate, core_candidate in self.next_candidate():[0m
[31m[1m[error]  :[0m[31m   File "/home/nicol/Documentos/M2-Cyber/RESEARCH/VM/tools-paper/tools/pyabduce/pyabduction/engine.py", line 143, in next_candidate[0m
[31m[1m[error]  :[0m[31m     status, _, _ = self.check_satisfied(rcandidate, cex)[0m
[31m[1m[error]  :[0m[31m                    ^^^^^^^^^^^^^^^^^^^^^^^^^^^^^^^^^^^^^[0m
[31m[1m[error]  :[0m[31m   File "/home/nicol/Documentos/M2-Cyber/RESEARCH/VM/tools-paper/tools/pyabduce/pyabduction/engine.py", line 83, in check_satisfied[0m
[31m[1m[error]  :[0m[31m     return self.checkers.check_satisfied(candidate, cex)[0m
[31m[1m[error]  :[0m[31m            ^^^^^^^^^^^^^^^^^^^^^^^^^^^^^^^^^^^^^^^^^^^^^[0m
[31m[1m[error]  :[0m[31m   File "/home/nicol/Documentos/M2-Cyber/RESEARCH/VM/tools-paper/tools/pyabduce/pyabduction/binsec.py", line 617, in check_satisfied[0m
[31m[1m[error]  :[0m[31m     return minibinsec.check_sat_model(candidate, model, self.context), None, None[0m
[31m[1m[error]  :[0m[31m            ^^^^^^^^^^^^^^^^^^^^^^^^^^^^^^^^^^^^^^^^^^^^^^^^^^^^^^^^^^[0m
[31m[1m[error]  :[0m[31m   File "/home/nicol/Documentos/M2-Cyber/RESEARCH/VM/tools-paper/tools/pyabduce/pyabduction/minibinsec.py", line 389, in check_sat_model[0m
[31m[1m[error]  :[0m[31m     bass = context.create_var_assignment(Operator.Equal, var, model[var])[0m
[31m[1m[error]  :[0m[31m            ^^^^^^^^^^^^^^^^^^^^^^^^^^^^^^^^^^^^^^^^^^^^^^^^^^^^^^^^^^^^^^[0m
[31m[1m[error]  :[0m[31m   File "/home/nicol/Documentos/M2-Cyber/RESEARCH/VM/tools-paper/tools/pyabduce/pyabduction/minibinsec.py", line 315, in create_var_assignment[0m
[31m[1m[error]  :[0m[31m     (operator, self.solver.mkBitVector(valr.bvsize(), int(val, 16)), var[1], -dsize))[0m
[31m[1m[error]  :[0m[31m                ^^^^^^^^^^^^^^^^^^^^^^^^^^^^^^^^^^^^^^^^^^^^^^^^^^^^[0m
[31m[1m[error]  :[0m[31m   File "cvc5.pxi", line 3057, in cvc5.cvc5_python_base.Solver.mkBitVector[0m
[31m[1m[error]  :[0m[31m   File "cvc5.pxi", line 1879, in cvc5.cvc5_python_base.TermManager.mkBitVector[0m
[31m[1m[error]  :[0m[31m RuntimeError: overflow in bit-vector construction (specified bit-vector size 2 too small to hold value 255)[0m

(TaskException(...), '[abduce-binsec:run] binsec-failure+nzr+top-level in 0.9757063388824463 seconds')

------------------------------------------------------------
run example.dir/example.abduce-run.bash
executed in 2.2796683311462402 s
[36m[info]   :[0m initialization vulnerability example: {}[0m
[36m[info]   :[0m no necessary constant detected[0m
[36m[info]   :[0m evaluating candidate: set()[0m
[36m[info]   :[0m counter-example: {'from_file': '0x00000000', 'ctrlvar1': '0x00000000', 'ctrlvar0': '0x00000000', 'ebx': '0x00000000'}[0m
[36m[info]   :[0m restart vars->literal generation[0m
[36m[info]   :[0m evaluating candidate: {(0x0000000::0x1 = from_file<32>)}[0m
[33m[1m[warning]:[0m[33m command failed[0m
[33m[1m[warning]:[0m[33m binsec test returned neither model nor unreachable[0m
[33m[1m[warning]:[0m[33m command failed[0m
[36m[info]   :[0m evaluating candidate: {(0x0000000::0x1 = ctrlvar0<32>)}[0m
[33m[1m[warning]:[0m[33m command failed[0m
[33m[1m[warning]:[0m[33m binsec test returned neither model nor unreachable[0m
[33m[1m[warning]:[0m[33m command failed[0m
[36m[info]   :[0m evaluating candidate: {(0x0000000::0x1 = ebx<32>)}[0m
[33m[1m[warning]:[0m[33m command failed[0m
[33m[1m[warning]:[0m[33m binsec test returned neither model nor unreachable[0m
[33m[1m[warning]:[0m[33m command failed[0m
[36m[info]   :[0m evaluating candidate: {(0x0000000::0x1 = ctrlvar1<32>)}[0m
[33m[1m[warning]:[0m[33m command failed[0m
[33m[1m[warning]:[0m[33m binsec test returned neither model nor unreachable[0m
[33m[1m[warning]:[0m[33m command failed[0m
[36m[info]   :[0m evaluating candidate: {(from_file<32> <> ctrlvar0<32>)}[0m
[36m[info]   :[0m counter-example: {'from_file': '0x00000000', 'ctrlvar1': '0x00000001', 'ctrlvar0': '0x00000001', 'ebx': '0x00000000'}[0m
[36m[info]   :[0m evaluating candidate: {(0x0000000::0x0 <> from_file<32>)}[0m
[33m[1m[warning]:[0m[33m command failed[0m
[33m[1m[warning]:[0m[33m binsec test returned neither model nor unreachable[0m
[33m[1m[warning]:[0m[33m command failed[0m
[36m[info]   :[0m evaluating candidate: {(from_file<32> <> ebx<32>)}[0m
[36m[info]   :[0m counter-example: {'from_file': '0x00000000', 'ctrlvar1': '0x00000001', 'ctrlvar0': '0x00000001', 'ebx': '0x00000000'}[0m
[36m[info]   :[0m evaluating candidate: {(ctrlvar0<32> <> ctrlvar1<32>)}[0m
[36m[info]   :[0m counter-example: {'from_file': '0x00000001', 'ctrlvar1': '0x000000ff', 'ctrlvar0': '0x000000bf', 'ebx': '0xffffffff', '0x080b11ab': '00', '0x080b11aa': '00', '0x080b11a9': '00', '0x080b11a8': 'ff'}[0m
[36m[info]   :[0m restart vars->literal generation[0m
[32m[result] :[0m execution statistics:[0m
[32m[result] :[0m   core counters:[0m
[32m[result] :[0m     number of solutions:          0[0m
[32m[result] :[0m     number of unsolutions:        5[0m
[32m[result] :[0m     number of examples:           2[0m
[32m[result] :[0m     number of counter-examples:   4[0m
[32m[result] :[0m     number of necessary literals: 0[0m
[32m[result] :[0m [0m
[32m[result] :[0m   oracles:[0m
[32m[result] :[0m     binsec:[0m
[32m[result] :[0m       * binsec calls:    19[0m
[32m[result] :[0m       * binsec timeouts: 0[0m
[32m[result] :[0m       * binsec crashes:  10[0m
[32m[result] :[0m       * binsec times:    [0.04843616485595703, 0.04932975769042969, 0.05728650093078613, 0.05717730522155762, 0.0514833927154541, 0.05785059928894043, 0.05050301551818848, 0.06539011001586914, 0.048897743225097656][0m
[32m[result] :[0m     minibinsec:[0m
[32m[result] :[0m       * minibinsec calls:    399[0m
[32m[result] :[0m       * minibinsec timeouts: 0[0m
[32m[result] :[0m       * minibinsec crashes:  0[0m
[32m[result] :[0m       * minibinsec times:    [][0m
[32m[result] :[0m     binsec-unsat-consistent:[0m
[32m[result] :[0m       * binsec-unsat-consistent calls:    5[0m
[32m[result] :[0m       * binsec-unsat-consistent timeouts: 0[0m
[32m[result] :[0m       * binsec-unsat-consistent crashes:  0[0m
[32m[result] :[0m       * binsec-unsat-consistent times:    [][0m
[32m[result] :[0m [0m
[32m[result] :[0m   candidates generation:[0m
[32m[result] :[0m     number of restarts:     2[0m
[32m[result] :[0m     number of variables:    11[0m
[32m[result] :[0m     number of literals:     108[0m
[32m[result] :[0m     evaluated candidates:   9[0m
[32m[result] :[0m     considered candidates:  44[0m
[32m[result] :[0m     pruned candidates:      35[0m
[32m[result] :[0m       * counterex-pruned candidates: 35[0m
[32m[result] :[0m [0m
[32m[result] :[0m   timers:[0m
[32m[result] :[0m     solution:[0m
[32m[result] :[0m       * first solution: 0[0m
[32m[result] :[0m       * last  solution: 0[0m
[32m[result] :[0m     unsolution:[0m
[32m[result] :[0m       * first unsolution: 0.26780128479003906[0m
[32m[result] :[0m       * last  unsolution: 0.7964892387390137[0m
[32m[result] :[0m     counterex:[0m
[32m[result] :[0m       * first counterex: 0.15605902671813965[0m
[32m[result] :[0m       * last  counterex: 0.9740240573883057[0m
[32m[result] :[0m     example:[0m
[32m[result] :[0m       * first example: 0.04881548881530762[0m
[32m[result] :[0m       * last  example: 0.09839487075805664[0m
[32m[result] :[0m     necessaryc:[0m
[32m[result] :[0m       * first necessaryc: 0[0m
[32m[result] :[0m       * last  necessaryc: 0[0m
[35m[1m[fatal]  :[0m[35m top-level exception recovery[0m
[31m[1m[error]  :[0m[31m Traceback (most recent call last):[0m
[31m[1m[error]  :[0m[31m   File "/home/nicol/Documentos/M2-Cyber/RESEARCH/VM/tools-paper/venv/bin/pyabduce", line 28, in main[0m
[31m[1m[error]  :[0m[31m     solver.solve()[0m
[31m[1m[error]  :[0m[31m   File "/home/nicol/Documentos/M2-Cyber/RESEARCH/VM/tools-paper/tools/pyabduce/pyabduction/solver.py", line 55, in solve[0m
[31m[1m[error]  :[0m[31m     for candidate, core_candidate in self.next_candidate():[0m
[31m[1m[error]  :[0m[31m   File "/home/nicol/Documentos/M2-Cyber/RESEARCH/VM/tools-paper/tools/pyabduce/pyabduction/engine.py", line 143, in next_candidate[0m
[31m[1m[error]  :[0m[31m     status, _, _ = self.check_satisfied(rcandidate, cex)[0m
[31m[1m[error]  :[0m[31m                    ^^^^^^^^^^^^^^^^^^^^^^^^^^^^^^^^^^^^^[0m
[31m[1m[error]  :[0m[31m   File "/home/nicol/Documentos/M2-Cyber/RESEARCH/VM/tools-paper/tools/pyabduce/pyabduction/engine.py", line 83, in check_satisfied[0m
[31m[1m[error]  :[0m[31m     return self.checkers.check_satisfied(candidate, cex)[0m
[31m[1m[error]  :[0m[31m            ^^^^^^^^^^^^^^^^^^^^^^^^^^^^^^^^^^^^^^^^^^^^^[0m
[31m[1m[error]  :[0m[31m   File "/home/nicol/Documentos/M2-Cyber/RESEARCH/VM/tools-paper/tools/pyabduce/pyabduction/binsec.py", line 621, in check_satisfied[0m
[31m[1m[error]  :[0m[31m     return minibinsec.check_sat_model(candidate, model, self.context), None, None[0m
[31m[1m[error]  :[0m[31m            ^^^^^^^^^^^^^^^^^^^^^^^^^^^^^^^^^^^^^^^^^^^^^^^^^^^^^^^^^^[0m
[31m[1m[error]  :[0m[31m   File "/home/nicol/Documentos/M2-Cyber/RESEARCH/VM/tools-paper/tools/pyabduce/pyabduction/minibinsec.py", line 389, in check_sat_model[0m
[31m[1m[error]  :[0m[31m     bass = context.create_var_assignment(Operator.Equal, var, model[var])[0m
[31m[1m[error]  :[0m[31m            ^^^^^^^^^^^^^^^^^^^^^^^^^^^^^^^^^^^^^^^^^^^^^^^^^^^^^^^^^^^^^^[0m
[31m[1m[error]  :[0m[31m   File "/home/nicol/Documentos/M2-Cyber/RESEARCH/VM/tools-paper/tools/pyabduce/pyabduction/minibinsec.py", line 315, in create_var_assignment[0m
[31m[1m[error]  :[0m[31m     (operator, self.solver.mkBitVector(valr.bvsize(), int(val, 16)), var[1], -dsize))[0m
[31m[1m[error]  :[0m[31m                ^^^^^^^^^^^^^^^^^^^^^^^^^^^^^^^^^^^^^^^^^^^^^^^^^^^^[0m
[31m[1m[error]  :[0m[31m   File "cvc5.pxi", line 3057, in cvc5.cvc5_python_base.Solver.mkBitVector[0m
[31m[1m[error]  :[0m[31m   File "cvc5.pxi", line 1879, in cvc5.cvc5_python_base.TermManager.mkBitVector[0m
[31m[1m[error]  :[0m[31m RuntimeError: overflow in bit-vector construction (specified bit-vector size 2 too small to hold value 255)[0m

(TaskException(...), '[abduce-binsec:run] binsec-failure+nzr+top-level in 2.2796683311462402 seconds')

